{"/Users/ajitbasnet/Desktop/quizforce/src/hooks/useCountUp.ts": {"path":"/Users/ajitbasnet/Desktop/quizforce/src/hooks/useCountUp.ts","statementMap":{"0":{"start":{"line":3,"column":6},"end":{"line":3,"column":null}},"1":{"start":{"line":3,"column":44},"end":{"line":3,"column":null}},"2":{"start":{"line":10,"column":16},"end":{"line":10,"column":null}},"3":{"start":{"line":12,"column":2},"end":{"line":39,"column":null}},"4":{"start":{"line":13,"column":4},"end":{"line":16,"column":null}},"5":{"start":{"line":14,"column":6},"end":{"line":14,"column":null}},"6":{"start":{"line":15,"column":6},"end":{"line":15,"column":null}},"7":{"start":{"line":18,"column":35},"end":{"line":18,"column":null}},"8":{"start":{"line":19,"column":16},"end":{"line":19,"column":null}},"9":{"start":{"line":21,"column":10},"end":{"line":31,"column":null}},"10":{"start":{"line":22,"column":6},"end":{"line":22,"column":null}},"11":{"start":{"line":22,"column":30},"end":{"line":22,"column":null}},"12":{"start":{"line":23,"column":22},"end":{"line":23,"column":null}},"13":{"start":{"line":24,"column":23},"end":{"line":24,"column":null}},"14":{"start":{"line":25,"column":20},"end":{"line":25,"column":null}},"15":{"start":{"line":26,"column":6},"end":{"line":26,"column":null}},"16":{"start":{"line":28,"column":6},"end":{"line":30,"column":null}},"17":{"start":{"line":29,"column":8},"end":{"line":29,"column":null}},"18":{"start":{"line":33,"column":4},"end":{"line":33,"column":null}},"19":{"start":{"line":34,"column":4},"end":{"line":34,"column":null}},"20":{"start":{"line":36,"column":4},"end":{"line":36,"column":null}},"21":{"start":{"line":36,"column":17},"end":{"line":36,"column":null}},"22":{"start":{"line":41,"column":2},"end":{"line":41,"column":null}}},"fnMap":{"0":{"name":"(anonymous_0)","decl":{"start":{"line":3,"column":6},"end":{"line":3,"column":23}},"loc":{"start":{"line":3,"column":44},"end":{"line":3,"column":null}},"line":3},"1":{"name":"useCountUp","decl":{"start":{"line":5,"column":16},"end":{"line":5,"column":null}},"loc":{"start":{"line":9,"column":10},"end":{"line":42,"column":null}},"line":9},"2":{"name":"(anonymous_2)","decl":{"start":{"line":12,"column":2},"end":{"line":12,"column":18}},"loc":{"start":{"line":12,"column":18},"end":{"line":39,"column":5}},"line":12},"3":{"name":"(anonymous_3)","decl":{"start":{"line":21,"column":10},"end":{"line":21,"column":21}},"loc":{"start":{"line":21,"column":43},"end":{"line":31,"column":null}},"line":21},"4":{"name":"(anonymous_4)","decl":{"start":{"line":36,"column":4},"end":{"line":36,"column":17}},"loc":{"start":{"line":36,"column":17},"end":{"line":36,"column":null}},"line":36}},"branchMap":{"0":{"loc":{"start":{"line":8,"column":2},"end":{"line":8,"column":null}},"type":"default-arg","locations":[{"start":{"line":8,"column":41},"end":{"line":8,"column":null}}],"line":8},"1":{"loc":{"start":{"line":13,"column":4},"end":{"line":16,"column":null}},"type":"if","locations":[{"start":{"line":13,"column":4},"end":{"line":16,"column":null}},{"start":{},"end":{}}],"line":13},"2":{"loc":{"start":{"line":22,"column":6},"end":{"line":22,"column":null}},"type":"if","locations":[{"start":{"line":22,"column":6},"end":{"line":22,"column":null}},{"start":{},"end":{}}],"line":22},"3":{"loc":{"start":{"line":28,"column":6},"end":{"line":30,"column":null}},"type":"if","locations":[{"start":{"line":28,"column":6},"end":{"line":30,"column":null}},{"start":{},"end":{}}],"line":28}},"s":{"0":1,"1":3,"2":4,"3":4,"4":2,"5":1,"6":1,"7":1,"8":1,"9":1,"10":3,"11":1,"12":3,"13":3,"14":3,"15":3,"16":3,"17":2,"18":1,"19":1,"20":1,"21":1,"22":4},"f":{"0":3,"1":4,"2":2,"3":3,"4":1},"b":{"0":[4],"1":[1,1],"2":[1,2],"3":[2,1]},"meta":{"lastBranch":4,"lastFunction":5,"lastStatement":23,"seen":{"s:3:6:3:Infinity":0,"f:3:6:3:23":0,"s:3:44:3:Infinity":1,"f:5:16:5:Infinity":1,"b:8:41:8:Infinity":0,"s:10:16:10:Infinity":2,"s:12:2:39:Infinity":3,"f:12:2:12:18":2,"b:13:4:16:Infinity:undefined:undefined:undefined:undefined":1,"s:13:4:16:Infinity":4,"s:14:6:14:Infinity":5,"s:15:6:15:Infinity":6,"s:18:35:18:Infinity":7,"s:19:16:19:Infinity":8,"s:21:10:31:Infinity":9,"f:21:10:21:21":3,"b:22:6:22:Infinity:undefined:undefined:undefined:undefined":2,"s:22:6:22:Infinity":10,"s:22:30:22:Infinity":11,"s:23:22:23:Infinity":12,"s:24:23:24:Infinity":13,"s:25:20:25:Infinity":14,"s:26:6:26:Infinity":15,"b:28:6:30:Infinity:undefined:undefined:undefined:undefined":3,"s:28:6:30:Infinity":16,"s:29:8:29:Infinity":17,"s:33:4:33:Infinity":18,"s:34:4:34:Infinity":19,"s:36:4:36:Infinity":20,"f:36:4:36:17":4,"s:36:17:36:Infinity":21,"s:41:2:41:Infinity":22},"fnNames":{}}}
,"/Users/ajitbasnet/Desktop/quizforce/src/hooks/useDarkMode.ts": {"path":"/Users/ajitbasnet/Desktop/quizforce/src/hooks/useDarkMode.ts","statementMap":{"0":{"start":{"line":4,"column":25},"end":{"line":4,"column":null}},"1":{"start":{"line":5,"column":37},"end":{"line":5,"column":null}},"2":{"start":{"line":7,"column":40},"end":{"line":7,"column":null}},"3":{"start":{"line":10,"column":2},"end":{"line":10,"column":null}},"4":{"start":{"line":14,"column":2},"end":{"line":19,"column":null}},"5":{"start":{"line":15,"column":19},"end":{"line":15,"column":null}},"6":{"start":{"line":16,"column":4},"end":{"line":16,"column":null}},"7":{"start":{"line":16,"column":40},"end":{"line":16,"column":null}},"8":{"start":{"line":20,"column":2},"end":{"line":20,"column":null}},"9":{"start":{"line":24,"column":2},"end":{"line":28,"column":null}},"10":{"start":{"line":25,"column":4},"end":{"line":25,"column":null}},"11":{"start":{"line":32,"column":2},"end":{"line":32,"column":null}},"12":{"start":{"line":32,"column":37},"end":{"line":32,"column":null}},"13":{"start":{"line":33,"column":2},"end":{"line":33,"column":null}},"14":{"start":{"line":37,"column":2},"end":{"line":37,"column":null}},"15":{"start":{"line":37,"column":31},"end":{"line":37,"column":null}},"16":{"start":{"line":38,"column":2},"end":{"line":38,"column":null}},"17":{"start":{"line":42,"column":2},"end":{"line":42,"column":null}},"18":{"start":{"line":42,"column":39},"end":{"line":42,"column":null}},"19":{"start":{"line":43,"column":2},"end":{"line":43,"column":null}}},"fnMap":{"0":{"name":"isValidThemePreference","decl":{"start":{"line":9,"column":9},"end":{"line":9,"column":32}},"loc":{"start":{"line":9,"column":80},"end":{"line":11,"column":null}},"line":9},"1":{"name":"readStoredTheme","decl":{"start":{"line":13,"column":16},"end":{"line":13,"column":51}},"loc":{"start":{"line":13,"column":51},"end":{"line":21,"column":null}},"line":13},"2":{"name":"writeStoredTheme","decl":{"start":{"line":23,"column":16},"end":{"line":23,"column":33}},"loc":{"start":{"line":23,"column":68},"end":{"line":29,"column":null}},"line":23},"3":{"name":"getSystemTheme","decl":{"start":{"line":31,"column":16},"end":{"line":31,"column":48}},"loc":{"start":{"line":31,"column":48},"end":{"line":34,"column":null}},"line":31},"4":{"name":"resolveTheme","decl":{"start":{"line":36,"column":16},"end":{"line":36,"column":29}},"loc":{"start":{"line":36,"column":73},"end":{"line":39,"column":null}},"line":36},"5":{"name":"applyThemeToDocument","decl":{"start":{"line":41,"column":16},"end":{"line":41,"column":37}},"loc":{"start":{"line":41,"column":68},"end":{"line":44,"column":null}},"line":41}},"branchMap":{"0":{"loc":{"start":{"line":10,"column":9},"end":{"line":10,"column":null}},"type":"binary-expr","locations":[{"start":{"line":10,"column":9},"end":{"line":10,"column":28}},{"start":{"line":10,"column":28},"end":{"line":10,"column":null}}],"line":10},"1":{"loc":{"start":{"line":16,"column":4},"end":{"line":16,"column":null}},"type":"if","locations":[{"start":{"line":16,"column":4},"end":{"line":16,"column":null}},{"start":{},"end":{}}],"line":16},"2":{"loc":{"start":{"line":32,"column":2},"end":{"line":32,"column":null}},"type":"if","locations":[{"start":{"line":32,"column":2},"end":{"line":32,"column":null}},{"start":{},"end":{}}],"line":32},"3":{"loc":{"start":{"line":33,"column":9},"end":{"line":33,"column":null}},"type":"cond-expr","locations":[{"start":{"line":33,"column":60},"end":{"line":33,"column":69}},{"start":{"line":33,"column":69},"end":{"line":33,"column":null}}],"line":33},"4":{"loc":{"start":{"line":37,"column":2},"end":{"line":37,"column":null}},"type":"if","locations":[{"start":{"line":37,"column":2},"end":{"line":37,"column":null}},{"start":{},"end":{}}],"line":37},"5":{"loc":{"start":{"line":42,"column":2},"end":{"line":42,"column":null}},"type":"if","locations":[{"start":{"line":42,"column":2},"end":{"line":42,"column":null}},{"start":{},"end":{}}],"line":42}},"s":{"0":1,"1":1,"2":1,"3":13,"4":13,"5":13,"6":13,"7":3,"8":10,"9":4,"10":4,"11":11,"12":0,"13":11,"14":21,"15":11,"16":10,"17":10,"18":0,"19":10},"f":{"0":13,"1":13,"2":4,"3":11,"4":21,"5":10},"b":{"0":[13,4],"1":[3,10],"2":[0,11],"3":[2,9],"4":[11,10],"5":[0,10]},"meta":{"lastBranch":6,"lastFunction":6,"lastStatement":20,"seen":{"s:4:25:4:Infinity":0,"s:5:37:5:Infinity":1,"s:7:40:7:Infinity":2,"f:9:9:9:32":0,"s:10:2:10:Infinity":3,"b:10:9:10:28:10:28:10:Infinity":0,"f:13:16:13:51":1,"s:14:2:19:Infinity":4,"s:15:19:15:Infinity":5,"b:16:4:16:Infinity:undefined:undefined:undefined:undefined":1,"s:16:4:16:Infinity":6,"s:16:40:16:Infinity":7,"s:20:2:20:Infinity":8,"f:23:16:23:33":2,"s:24:2:28:Infinity":9,"s:25:4:25:Infinity":10,"f:31:16:31:48":3,"b:32:2:32:Infinity:undefined:undefined:undefined:undefined":2,"s:32:2:32:Infinity":11,"s:32:37:32:Infinity":12,"s:33:2:33:Infinity":13,"b:33:60:33:69:33:69:33:Infinity":3,"f:36:16:36:29":4,"b:37:2:37:Infinity:undefined:undefined:undefined:undefined":4,"s:37:2:37:Infinity":14,"s:37:31:37:Infinity":15,"s:38:2:38:Infinity":16,"f:41:16:41:37":5,"b:42:2:42:Infinity:undefined:undefined:undefined:undefined":5,"s:42:2:42:Infinity":17,"s:42:39:42:Infinity":18,"s:43:2:43:Infinity":19},"fnNames":{}}}
,"/Users/ajitbasnet/Desktop/quizforce/src/hooks/useDarkMode.tsx": {"path":"/Users/ajitbasnet/Desktop/quizforce/src/hooks/useDarkMode.tsx","statementMap":{"0":{"start":{"line":26,"column":6},"end":{"line":26,"column":null}},"1":{"start":{"line":29,"column":16},"end":{"line":29,"column":null}},"2":{"start":{"line":29,"column":33},"end":{"line":29,"column":82}},"3":{"start":{"line":30,"column":24},"end":{"line":32,"column":null}},"4":{"start":{"line":30,"column":44},"end":{"line":31,"column":null}},"5":{"start":{"line":34,"column":2},"end":{"line":36,"column":null}},"6":{"start":{"line":35,"column":4},"end":{"line":35,"column":null}},"7":{"start":{"line":38,"column":2},"end":{"line":40,"column":null}},"8":{"start":{"line":39,"column":4},"end":{"line":39,"column":null}},"9":{"start":{"line":42,"column":2},"end":{"line":50,"column":null}},"10":{"start":{"line":43,"column":4},"end":{"line":43,"column":null}},"11":{"start":{"line":43,"column":28},"end":{"line":43,"column":null}},"12":{"start":{"line":45,"column":27},"end":{"line":45,"column":null}},"13":{"start":{"line":46,"column":10},"end":{"line":46,"column":null}},"14":{"start":{"line":46,"column":27},"end":{"line":46,"column":null}},"15":{"start":{"line":48,"column":4},"end":{"line":48,"column":null}},"16":{"start":{"line":49,"column":4},"end":{"line":49,"column":null}},"17":{"start":{"line":49,"column":17},"end":{"line":49,"column":null}},"18":{"start":{"line":52,"column":8},"end":{"line":56,"column":null}},"19":{"start":{"line":53,"column":4},"end":{"line":53,"column":null}},"20":{"start":{"line":54,"column":4},"end":{"line":54,"column":null}},"21":{"start":{"line":55,"column":4},"end":{"line":55,"column":null}},"22":{"start":{"line":58,"column":8},"end":{"line":61,"column":null}},"23":{"start":{"line":59,"column":11},"end":{"line":59,"column":null}},"24":{"start":{"line":63,"column":2},"end":{"line":64,"column":null}},"25":{"start":{"line":69,"column":8},"end":{"line":69,"column":null}},"26":{"start":{"line":70,"column":2},"end":{"line":72,"column":null}},"27":{"start":{"line":71,"column":4},"end":{"line":71,"column":null}},"28":{"start":{"line":73,"column":2},"end":{"line":73,"column":null}}},"fnMap":{"0":{"name":"ThemeProvider","decl":{"start":{"line":28,"column":16},"end":{"line":28,"column":30}},"loc":{"start":{"line":28,"column":69},"end":{"line":66,"column":null}},"line":28},"1":{"name":"(anonymous_1)","decl":{"start":{"line":29,"column":33},"end":{"line":29,"column":65}},"loc":{"start":{"line":29,"column":33},"end":{"line":29,"column":82}},"line":29},"2":{"name":"(anonymous_2)","decl":{"start":{"line":30,"column":44},"end":{"line":30,"column":null}},"loc":{"start":{"line":30,"column":44},"end":{"line":31,"column":null}},"line":30},"3":{"name":"(anonymous_3)","decl":{"start":{"line":34,"column":2},"end":{"line":34,"column":18}},"loc":{"start":{"line":34,"column":18},"end":{"line":36,"column":5}},"line":34},"4":{"name":"(anonymous_4)","decl":{"start":{"line":38,"column":2},"end":{"line":38,"column":18}},"loc":{"start":{"line":38,"column":18},"end":{"line":40,"column":5}},"line":38},"5":{"name":"(anonymous_5)","decl":{"start":{"line":42,"column":2},"end":{"line":42,"column":18}},"loc":{"start":{"line":42,"column":18},"end":{"line":50,"column":5}},"line":42},"6":{"name":"(anonymous_6)","decl":{"start":{"line":46,"column":10},"end":{"line":46,"column":27}},"loc":{"start":{"line":46,"column":27},"end":{"line":46,"column":null}},"line":46},"7":{"name":"(anonymous_7)","decl":{"start":{"line":49,"column":4},"end":{"line":49,"column":17}},"loc":{"start":{"line":49,"column":17},"end":{"line":49,"column":null}},"line":49},"8":{"name":"(anonymous_8)","decl":{"start":{"line":52,"column":19},"end":{"line":52,"column":32}},"loc":{"start":{"line":52,"column":64},"end":{"line":56,"column":5}},"line":52},"9":{"name":"(anonymous_9)","decl":{"start":{"line":58,"column":16},"end":{"line":58,"column":null}},"loc":{"start":{"line":59,"column":11},"end":{"line":59,"column":null}},"line":59},"10":{"name":"useDarkMode","decl":{"start":{"line":68,"column":16},"end":{"line":68,"column":52}},"loc":{"start":{"line":68,"column":52},"end":{"line":74,"column":null}},"line":68}},"branchMap":{"0":{"loc":{"start":{"line":43,"column":4},"end":{"line":43,"column":null}},"type":"if","locations":[{"start":{"line":43,"column":4},"end":{"line":43,"column":null}},{"start":{},"end":{}}],"line":43},"1":{"loc":{"start":{"line":70,"column":2},"end":{"line":72,"column":null}},"type":"if","locations":[{"start":{"line":70,"column":2},"end":{"line":72,"column":null}},{"start":{},"end":{}}],"line":70}},"s":{"0":1,"1":12,"2":5,"3":12,"4":5,"5":12,"6":8,"7":12,"8":8,"9":12,"10":8,"11":4,"12":4,"13":4,"14":1,"15":4,"16":4,"17":4,"18":12,"19":3,"20":3,"21":3,"22":12,"23":9,"24":12,"25":11,"26":11,"27":2,"28":9},"f":{"0":12,"1":5,"2":5,"3":8,"4":8,"5":8,"6":1,"7":4,"8":3,"9":9,"10":11},"b":{"0":[4,4],"1":[2,9]},"meta":{"lastBranch":2,"lastFunction":11,"lastStatement":29,"seen":{"s:26:6:26:Infinity":0,"f:28:16:28:30":0,"s:29:16:29:Infinity":1,"f:29:33:29:65":1,"s:29:33:29:82":2,"s:30:24:32:Infinity":3,"f:30:44:30:Infinity":2,"s:30:44:31:Infinity":4,"s:34:2:36:Infinity":5,"f:34:2:34:18":3,"s:35:4:35:Infinity":6,"s:38:2:40:Infinity":7,"f:38:2:38:18":4,"s:39:4:39:Infinity":8,"s:42:2:50:Infinity":9,"f:42:2:42:18":5,"b:43:4:43:Infinity:undefined:undefined:undefined:undefined":0,"s:43:4:43:Infinity":10,"s:43:28:43:Infinity":11,"s:45:27:45:Infinity":12,"s:46:10:46:Infinity":13,"f:46:10:46:27":6,"s:46:27:46:Infinity":14,"s:48:4:48:Infinity":15,"s:49:4:49:Infinity":16,"f:49:4:49:17":7,"s:49:17:49:Infinity":17,"s:52:8:56:Infinity":18,"f:52:19:52:32":8,"s:53:4:53:Infinity":19,"s:54:4:54:Infinity":20,"s:55:4:55:Infinity":21,"s:58:8:61:Infinity":22,"f:58:16:58:Infinity":9,"s:59:11:59:Infinity":23,"s:63:2:64:Infinity":24,"f:68:16:68:52":10,"s:69:8:69:Infinity":25,"b:70:2:72:Infinity:undefined:undefined:undefined:undefined":1,"s:70:2:72:Infinity":26,"s:71:4:71:Infinity":27,"s:73:2:73:Infinity":28},"fnNames":{}}}
,"/Users/ajitbasnet/Desktop/quizforce/src/hooks/useDebounce.ts": {"path":"/Users/ajitbasnet/Desktop/quizforce/src/hooks/useDebounce.ts","statementMap":{"0":{"start":{"line":4,"column":25},"end":{"line":4,"column":null}},"1":{"start":{"line":6,"column":2},"end":{"line":9,"column":null}},"2":{"start":{"line":7,"column":18},"end":{"line":7,"column":null}},"3":{"start":{"line":7,"column":42},"end":{"line":7,"column":68}},"4":{"start":{"line":8,"column":4},"end":{"line":8,"column":null}},"5":{"start":{"line":8,"column":17},"end":{"line":8,"column":null}},"6":{"start":{"line":11,"column":2},"end":{"line":11,"column":null}}},"fnMap":{"0":{"name":"useDebounce","decl":{"start":{"line":3,"column":16},"end":{"line":3,"column":31}},"loc":{"start":{"line":3,"column":59},"end":{"line":12,"column":null}},"line":3},"1":{"name":"(anonymous_1)","decl":{"start":{"line":6,"column":2},"end":{"line":6,"column":18}},"loc":{"start":{"line":6,"column":18},"end":{"line":9,"column":5}},"line":6},"2":{"name":"(anonymous_2)","decl":{"start":{"line":7,"column":25},"end":{"line":7,"column":42}},"loc":{"start":{"line":7,"column":42},"end":{"line":7,"column":68}},"line":7},"3":{"name":"(anonymous_3)","decl":{"start":{"line":8,"column":4},"end":{"line":8,"column":17}},"loc":{"start":{"line":8,"column":17},"end":{"line":8,"column":null}},"line":8}},"branchMap":{},"s":{"0":4,"1":4,"2":3,"3":1,"4":3,"5":3,"6":4},"f":{"0":4,"1":3,"2":1,"3":3},"b":{},"meta":{"lastBranch":0,"lastFunction":4,"lastStatement":7,"seen":{"f:3:16:3:31":0,"s:4:25:4:Infinity":0,"s:6:2:9:Infinity":1,"f:6:2:6:18":1,"s:7:18:7:Infinity":2,"f:7:25:7:42":2,"s:7:42:7:68":3,"s:8:4:8:Infinity":4,"f:8:4:8:17":3,"s:8:17:8:Infinity":5,"s:11:2:11:Infinity":6},"fnNames":{}}}
,"/Users/ajitbasnet/Desktop/quizforce/src/hooks/useIosVoiceGestureHint.ts": {"path":"/Users/ajitbasnet/Desktop/quizforce/src/hooks/useIosVoiceGestureHint.ts","statementMap":{"0":{"start":{"line":4,"column":44},"end":{"line":4,"column":null}},"1":{"start":{"line":7,"column":2},"end":{"line":11,"column":null}},"2":{"start":{"line":8,"column":4},"end":{"line":8,"column":null}},"3":{"start":{"line":10,"column":4},"end":{"line":10,"column":null}},"4":{"start":{"line":15,"column":2},"end":{"line":19,"column":null}},"5":{"start":{"line":16,"column":4},"end":{"line":16,"column":null}},"6":{"start":{"line":23,"column":19},"end":{"line":23,"column":null}},"7":{"start":{"line":24,"column":8},"end":{"line":24,"column":null}},"8":{"start":{"line":26,"column":2},"end":{"line":38,"column":null}},"9":{"start":{"line":27,"column":23},"end":{"line":27,"column":null}},"10":{"start":{"line":28,"column":4},"end":{"line":28,"column":null}},"11":{"start":{"line":30,"column":4},"end":{"line":37,"column":null}},"12":{"start":{"line":36,"column":6},"end":{"line":36,"column":null}},"13":{"start":{"line":40,"column":8},"end":{"line":43,"column":null}},"14":{"start":{"line":41,"column":4},"end":{"line":41,"column":null}},"15":{"start":{"line":42,"column":4},"end":{"line":42,"column":null}},"16":{"start":{"line":45,"column":2},"end":{"line":51,"column":null}},"17":{"start":{"line":46,"column":4},"end":{"line":46,"column":null}},"18":{"start":{"line":46,"column":19},"end":{"line":46,"column":null}},"19":{"start":{"line":48,"column":10},"end":{"line":48,"column":null}},"20":{"start":{"line":48,"column":32},"end":{"line":48,"column":null}},"21":{"start":{"line":49,"column":4},"end":{"line":49,"column":null}},"22":{"start":{"line":50,"column":4},"end":{"line":50,"column":null}},"23":{"start":{"line":50,"column":17},"end":{"line":50,"column":null}},"24":{"start":{"line":53,"column":2},"end":{"line":53,"column":null}}},"fnMap":{"0":{"name":"isHintDismissed","decl":{"start":{"line":6,"column":9},"end":{"line":6,"column":36}},"loc":{"start":{"line":6,"column":36},"end":{"line":12,"column":null}},"line":6},"1":{"name":"markHintDismissed","decl":{"start":{"line":14,"column":9},"end":{"line":14,"column":35}},"loc":{"start":{"line":14,"column":35},"end":{"line":20,"column":null}},"line":14},"2":{"name":"useIosVoiceGestureHint","decl":{"start":{"line":22,"column":16},"end":{"line":22,"column":39}},"loc":{"start":{"line":22,"column":62},"end":{"line":54,"column":null}},"line":22},"3":{"name":"(anonymous_3)","decl":{"start":{"line":26,"column":2},"end":{"line":26,"column":18}},"loc":{"start":{"line":26,"column":18},"end":{"line":38,"column":5}},"line":26},"4":{"name":"(anonymous_4)","decl":{"start":{"line":40,"column":22},"end":{"line":40,"column":40}},"loc":{"start":{"line":40,"column":40},"end":{"line":43,"column":5}},"line":40},"5":{"name":"(anonymous_5)","decl":{"start":{"line":45,"column":2},"end":{"line":45,"column":18}},"loc":{"start":{"line":45,"column":18},"end":{"line":51,"column":5}},"line":45},"6":{"name":"(anonymous_6)","decl":{"start":{"line":48,"column":10},"end":{"line":48,"column":32}},"loc":{"start":{"line":48,"column":32},"end":{"line":48,"column":null}},"line":48},"7":{"name":"(anonymous_7)","decl":{"start":{"line":50,"column":4},"end":{"line":50,"column":17}},"loc":{"start":{"line":50,"column":17},"end":{"line":50,"column":null}},"line":50}},"branchMap":{"0":{"loc":{"start":{"line":30,"column":4},"end":{"line":37,"column":null}},"type":"if","locations":[{"start":{"line":30,"column":4},"end":{"line":37,"column":null}},{"start":{},"end":{}}],"line":30},"1":{"loc":{"start":{"line":31,"column":6},"end":{"line":34,"column":null}},"type":"binary-expr","locations":[{"start":{"line":31,"column":6},"end":{"line":31,"column":null}},{"start":{"line":32,"column":6},"end":{"line":32,"column":null}},{"start":{"line":32,"column":7},"end":{"line":33,"column":null}},{"start":{"line":34,"column":6},"end":{"line":34,"column":null}}],"line":31},"2":{"loc":{"start":{"line":46,"column":4},"end":{"line":46,"column":null}},"type":"if","locations":[{"start":{"line":46,"column":4},"end":{"line":46,"column":null}},{"start":{},"end":{}}],"line":46}},"s":{"0":0,"1":0,"2":0,"3":0,"4":0,"5":0,"6":0,"7":0,"8":0,"9":0,"10":0,"11":0,"12":0,"13":0,"14":0,"15":0,"16":0,"17":0,"18":0,"19":0,"20":0,"21":0,"22":0,"23":0,"24":0},"f":{"0":0,"1":0,"2":0,"3":0,"4":0,"5":0,"6":0,"7":0},"b":{"0":[0,0],"1":[0,0,0,0],"2":[0,0]},"meta":{"lastBranch":3,"lastFunction":8,"lastStatement":25,"seen":{"s:4:44:4:Infinity":0,"f:6:9:6:36":0,"s:7:2:11:Infinity":1,"s:8:4:8:Infinity":2,"s:10:4:10:Infinity":3,"f:14:9:14:35":1,"s:15:2:19:Infinity":4,"s:16:4:16:Infinity":5,"f:22:16:22:39":2,"s:23:19:23:Infinity":6,"s:24:8:24:Infinity":7,"s:26:2:38:Infinity":8,"f:26:2:26:18":3,"s:27:23:27:Infinity":9,"s:28:4:28:Infinity":10,"b:30:4:37:Infinity:undefined:undefined:undefined:undefined":0,"s:30:4:37:Infinity":11,"b:31:6:31:Infinity:32:6:32:Infinity:32:7:33:Infinity:34:6:34:Infinity":1,"s:36:6:36:Infinity":12,"s:40:8:43:Infinity":13,"f:40:22:40:40":4,"s:41:4:41:Infinity":14,"s:42:4:42:Infinity":15,"s:45:2:51:Infinity":16,"f:45:2:45:18":5,"b:46:4:46:Infinity:undefined:undefined:undefined:undefined":2,"s:46:4:46:Infinity":17,"s:46:19:46:Infinity":18,"s:48:10:48:Infinity":19,"f:48:10:48:32":6,"s:48:32:48:Infinity":20,"s:49:4:49:Infinity":21,"s:50:4:50:Infinity":22,"f:50:4:50:17":7,"s:50:17:50:Infinity":23,"s:53:2:53:Infinity":24},"fnNames":{}}}
,"/Users/ajitbasnet/Desktop/quizforce/src/hooks/useMediaQuery.ts": {"path":"/Users/ajitbasnet/Desktop/quizforce/src/hooks/useMediaQuery.ts","statementMap":{"0":{"start":{"line":4,"column":30},"end":{"line":4,"column":null}},"1":{"start":{"line":6,"column":44},"end":{"line":6,"column":null}},"2":{"start":{"line":9,"column":2},"end":{"line":9,"column":null}},"3":{"start":{"line":9,"column":37},"end":{"line":9,"column":null}},"4":{"start":{"line":10,"column":2},"end":{"line":10,"column":null}},"5":{"start":{"line":14,"column":18},"end":{"line":14,"column":null}},"6":{"start":{"line":14,"column":47},"end":{"line":14,"column":64}},"7":{"start":{"line":16,"column":2},"end":{"line":23,"column":null}},"8":{"start":{"line":17,"column":27},"end":{"line":17,"column":null}},"9":{"start":{"line":18,"column":10},"end":{"line":18,"column":null}},"10":{"start":{"line":18,"column":27},"end":{"line":18,"column":null}},"11":{"start":{"line":20,"column":4},"end":{"line":20,"column":null}},"12":{"start":{"line":21,"column":4},"end":{"line":21,"column":null}},"13":{"start":{"line":22,"column":4},"end":{"line":22,"column":null}},"14":{"start":{"line":22,"column":17},"end":{"line":22,"column":null}},"15":{"start":{"line":25,"column":2},"end":{"line":25,"column":null}}},"fnMap":{"0":{"name":"getMatches","decl":{"start":{"line":8,"column":9},"end":{"line":8,"column":20}},"loc":{"start":{"line":8,"column":44},"end":{"line":11,"column":null}},"line":8},"1":{"name":"useMediaQuery","decl":{"start":{"line":13,"column":16},"end":{"line":13,"column":30}},"loc":{"start":{"line":13,"column":54},"end":{"line":26,"column":null}},"line":13},"2":{"name":"(anonymous_2)","decl":{"start":{"line":14,"column":32},"end":{"line":14,"column":47}},"loc":{"start":{"line":14,"column":47},"end":{"line":14,"column":64}},"line":14},"3":{"name":"(anonymous_3)","decl":{"start":{"line":16,"column":2},"end":{"line":16,"column":18}},"loc":{"start":{"line":16,"column":18},"end":{"line":23,"column":5}},"line":16},"4":{"name":"(anonymous_4)","decl":{"start":{"line":18,"column":10},"end":{"line":18,"column":27}},"loc":{"start":{"line":18,"column":27},"end":{"line":18,"column":null}},"line":18},"5":{"name":"(anonymous_5)","decl":{"start":{"line":22,"column":4},"end":{"line":22,"column":17}},"loc":{"start":{"line":22,"column":17},"end":{"line":22,"column":null}},"line":22}},"branchMap":{"0":{"loc":{"start":{"line":9,"column":2},"end":{"line":9,"column":null}},"type":"if","locations":[{"start":{"line":9,"column":2},"end":{"line":9,"column":null}},{"start":{},"end":{}}],"line":9}},"s":{"0":2,"1":2,"2":9,"3":0,"4":9,"5":10,"6":9,"7":10,"8":9,"9":9,"10":10,"11":9,"12":9,"13":9,"14":9,"15":10},"f":{"0":9,"1":10,"2":9,"3":9,"4":10,"5":9},"b":{"0":[0,9]},"meta":{"lastBranch":1,"lastFunction":6,"lastStatement":16,"seen":{"s:4:30:4:Infinity":0,"s:6:44:6:Infinity":1,"f:8:9:8:20":0,"b:9:2:9:Infinity:undefined:undefined:undefined:undefined":0,"s:9:2:9:Infinity":2,"s:9:37:9:Infinity":3,"s:10:2:10:Infinity":4,"f:13:16:13:30":1,"s:14:18:14:Infinity":5,"f:14:32:14:47":2,"s:14:47:14:64":6,"s:16:2:23:Infinity":7,"f:16:2:16:18":3,"s:17:27:17:Infinity":8,"s:18:10:18:Infinity":9,"f:18:10:18:27":4,"s:18:27:18:Infinity":10,"s:20:4:20:Infinity":11,"s:21:4:21:Infinity":12,"s:22:4:22:Infinity":13,"f:22:4:22:17":5,"s:22:17:22:Infinity":14,"s:25:2:25:Infinity":15},"fnNames":{}}}
,"/Users/ajitbasnet/Desktop/quizforce/src/hooks/useOnboarding.ts": {"path":"/Users/ajitbasnet/Desktop/quizforce/src/hooks/useOnboarding.ts","statementMap":{"0":{"start":{"line":1,"column":30},"end":{"line":1,"column":null}},"1":{"start":{"line":4,"column":2},"end":{"line":8,"column":null}},"2":{"start":{"line":5,"column":4},"end":{"line":5,"column":null}},"3":{"start":{"line":7,"column":4},"end":{"line":7,"column":null}},"4":{"start":{"line":12,"column":2},"end":{"line":16,"column":null}},"5":{"start":{"line":13,"column":4},"end":{"line":13,"column":null}}},"fnMap":{"0":{"name":"hasOnboarded","decl":{"start":{"line":3,"column":16},"end":{"line":3,"column":40}},"loc":{"start":{"line":3,"column":40},"end":{"line":9,"column":null}},"line":3},"1":{"name":"markOnboarded","decl":{"start":{"line":11,"column":16},"end":{"line":11,"column":38}},"loc":{"start":{"line":11,"column":38},"end":{"line":17,"column":null}},"line":11}},"branchMap":{},"s":{"0":1,"1":2,"2":2,"3":0,"4":1,"5":1},"f":{"0":2,"1":1},"b":{},"meta":{"lastBranch":0,"lastFunction":2,"lastStatement":6,"seen":{"s:1:30:1:Infinity":0,"f:3:16:3:40":0,"s:4:2:8:Infinity":1,"s:5:4:5:Infinity":2,"s:7:4:7:Infinity":3,"f:11:16:11:38":1,"s:12:2:16:Infinity":4,"s:13:4:13:Infinity":5},"fnNames":{}}}
,"/Users/ajitbasnet/Desktop/quizforce/src/hooks/usePullToRefresh.ts": {"path":"/Users/ajitbasnet/Desktop/quizforce/src/hooks/usePullToRefresh.ts","statementMap":{"0":{"start":{"line":14,"column":8},"end":{"line":14,"column":null}},"1":{"start":{"line":15,"column":8},"end":{"line":15,"column":null}},"2":{"start":{"line":16,"column":8},"end":{"line":16,"column":null}},"3":{"start":{"line":17,"column":2},"end":{"line":17,"column":null}},"4":{"start":{"line":19,"column":2},"end":{"line":58,"column":null}},"5":{"start":{"line":20,"column":4},"end":{"line":20,"column":null}},"6":{"start":{"line":20,"column":18},"end":{"line":20,"column":null}},"7":{"start":{"line":22,"column":10},"end":{"line":26,"column":null}},"8":{"start":{"line":23,"column":6},"end":{"line":23,"column":null}},"9":{"start":{"line":23,"column":30},"end":{"line":23,"column":null}},"10":{"start":{"line":24,"column":6},"end":{"line":24,"column":null}},"11":{"start":{"line":25,"column":6},"end":{"line":25,"column":null}},"12":{"start":{"line":28,"column":10},"end":{"line":35,"column":null}},"13":{"start":{"line":29,"column":6},"end":{"line":29,"column":null}},"14":{"start":{"line":29,"column":53},"end":{"line":29,"column":null}},"15":{"start":{"line":30,"column":16},"end":{"line":30,"column":null}},"16":{"start":{"line":31,"column":20},"end":{"line":31,"column":null}},"17":{"start":{"line":32,"column":6},"end":{"line":34,"column":null}},"18":{"start":{"line":33,"column":8},"end":{"line":33,"column":null}},"19":{"start":{"line":37,"column":10},"end":{"line":45,"column":null}},"20":{"start":{"line":38,"column":6},"end":{"line":38,"column":null}},"21":{"start":{"line":38,"column":31},"end":{"line":38,"column":null}},"22":{"start":{"line":39,"column":6},"end":{"line":39,"column":null}},"23":{"start":{"line":40,"column":16},"end":{"line":40,"column":null}},"24":{"start":{"line":41,"column":20},"end":{"line":41,"column":null}},"25":{"start":{"line":42,"column":6},"end":{"line":44,"column":null}},"26":{"start":{"line":43,"column":8},"end":{"line":43,"column":null}},"27":{"start":{"line":47,"column":4},"end":{"line":47,"column":null}},"28":{"start":{"line":48,"column":4},"end":{"line":48,"column":null}},"29":{"start":{"line":49,"column":4},"end":{"line":49,"column":null}},"30":{"start":{"line":50,"column":4},"end":{"line":50,"column":null}},"31":{"start":{"line":52,"column":4},"end":{"line":57,"column":null}},"32":{"start":{"line":53,"column":6},"end":{"line":53,"column":null}},"33":{"start":{"line":54,"column":6},"end":{"line":54,"column":null}},"34":{"start":{"line":55,"column":6},"end":{"line":55,"column":null}},"35":{"start":{"line":56,"column":6},"end":{"line":56,"column":null}}},"fnMap":{"0":{"name":"usePullToRefresh","decl":{"start":{"line":9,"column":16},"end":{"line":9,"column":33}},"loc":{"start":{"line":13,"column":34},"end":{"line":59,"column":null}},"line":13},"1":{"name":"(anonymous_1)","decl":{"start":{"line":19,"column":2},"end":{"line":19,"column":18}},"loc":{"start":{"line":19,"column":18},"end":{"line":58,"column":5}},"line":19},"2":{"name":"(anonymous_2)","decl":{"start":{"line":22,"column":10},"end":{"line":22,"column":26}},"loc":{"start":{"line":22,"column":48},"end":{"line":26,"column":null}},"line":22},"3":{"name":"(anonymous_3)","decl":{"start":{"line":28,"column":10},"end":{"line":28,"column":25}},"loc":{"start":{"line":28,"column":47},"end":{"line":35,"column":null}},"line":28},"4":{"name":"(anonymous_4)","decl":{"start":{"line":37,"column":10},"end":{"line":37,"column":24}},"loc":{"start":{"line":37,"column":46},"end":{"line":45,"column":null}},"line":37},"5":{"name":"(anonymous_5)","decl":{"start":{"line":52,"column":4},"end":{"line":52,"column":17}},"loc":{"start":{"line":52,"column":17},"end":{"line":57,"column":null}},"line":52}},"branchMap":{"0":{"loc":{"start":{"line":12,"column":2},"end":{"line":12,"column":null}},"type":"default-arg","locations":[{"start":{"line":12,"column":14},"end":{"line":12,"column":null}}],"line":12},"1":{"loc":{"start":{"line":20,"column":4},"end":{"line":20,"column":null}},"type":"if","locations":[{"start":{"line":20,"column":4},"end":{"line":20,"column":null}},{"start":{},"end":{}}],"line":20},"2":{"loc":{"start":{"line":23,"column":6},"end":{"line":23,"column":null}},"type":"if","locations":[{"start":{"line":23,"column":6},"end":{"line":23,"column":null}},{"start":{},"end":{}}],"line":23},"3":{"loc":{"start":{"line":24,"column":26},"end":{"line":24,"column":null}},"type":"binary-expr","locations":[{"start":{"line":24,"column":26},"end":{"line":24,"column":55}},{"start":{"line":24,"column":55},"end":{"line":24,"column":null}}],"line":24},"4":{"loc":{"start":{"line":29,"column":6},"end":{"line":29,"column":null}},"type":"if","locations":[{"start":{"line":29,"column":6},"end":{"line":29,"column":null}},{"start":{},"end":{}}],"line":29},"5":{"loc":{"start":{"line":29,"column":10},"end":{"line":29,"column":53}},"type":"binary-expr","locations":[{"start":{"line":29,"column":10},"end":{"line":29,"column":33}},{"start":{"line":29,"column":33},"end":{"line":29,"column":53}}],"line":29},"6":{"loc":{"start":{"line":30,"column":16},"end":{"line":30,"column":null}},"type":"binary-expr","locations":[{"start":{"line":30,"column":16},"end":{"line":30,"column":45}},{"start":{"line":30,"column":45},"end":{"line":30,"column":null}}],"line":30},"7":{"loc":{"start":{"line":32,"column":6},"end":{"line":34,"column":null}},"type":"if","locations":[{"start":{"line":32,"column":6},"end":{"line":34,"column":null}},{"start":{},"end":{}}],"line":32},"8":{"loc":{"start":{"line":38,"column":6},"end":{"line":38,"column":null}},"type":"if","locations":[{"start":{"line":38,"column":6},"end":{"line":38,"column":null}},{"start":{},"end":{}}],"line":38},"9":{"loc":{"start":{"line":40,"column":16},"end":{"line":40,"column":null}},"type":"binary-expr","locations":[{"start":{"line":40,"column":16},"end":{"line":40,"column":52}},{"start":{"line":40,"column":52},"end":{"line":40,"column":null}}],"line":40},"10":{"loc":{"start":{"line":42,"column":6},"end":{"line":44,"column":null}},"type":"if","locations":[{"start":{"line":42,"column":6},"end":{"line":44,"column":null}},{"start":{},"end":{}}],"line":42},"11":{"loc":{"start":{"line":42,"column":10},"end":{"line":42,"column":54}},"type":"binary-expr","locations":[{"start":{"line":42,"column":10},"end":{"line":42,"column":34}},{"start":{"line":42,"column":34},"end":{"line":42,"column":54}}],"line":42}},"s":{"0":0,"1":0,"2":0,"3":0,"4":0,"5":0,"6":0,"7":0,"8":0,"9":0,"10":0,"11":0,"12":0,"13":0,"14":0,"15":0,"16":0,"17":0,"18":0,"19":0,"20":0,"21":0,"22":0,"23":0,"24":0,"25":0,"26":0,"27":0,"28":0,"29":0,"30":0,"31":0,"32":0,"33":0,"34":0,"35":0},"f":{"0":0,"1":0,"2":0,"3":0,"4":0,"5":0},"b":{"0":[0],"1":[0,0],"2":[0,0],"3":[0,0],"4":[0,0],"5":[0,0],"6":[0,0],"7":[0,0],"8":[0,0],"9":[0,0],"10":[0,0],"11":[0,0]},"meta":{"lastBranch":12,"lastFunction":6,"lastStatement":36,"seen":{"f:9:16:9:33":0,"b:12:14:12:Infinity":0,"s:14:8:14:Infinity":0,"s:15:8:15:Infinity":1,"s:16:8:16:Infinity":2,"s:17:2:17:Infinity":3,"s:19:2:58:Infinity":4,"f:19:2:19:18":1,"b:20:4:20:Infinity:undefined:undefined:undefined:undefined":1,"s:20:4:20:Infinity":5,"s:20:18:20:Infinity":6,"s:22:10:26:Infinity":7,"f:22:10:22:26":2,"b:23:6:23:Infinity:undefined:undefined:undefined:undefined":2,"s:23:6:23:Infinity":8,"s:23:30:23:Infinity":9,"s:24:6:24:Infinity":10,"b:24:26:24:55:24:55:24:Infinity":3,"s:25:6:25:Infinity":11,"s:28:10:35:Infinity":12,"f:28:10:28:25":3,"b:29:6:29:Infinity:undefined:undefined:undefined:undefined":4,"s:29:6:29:Infinity":13,"b:29:10:29:33:29:33:29:53":5,"s:29:53:29:Infinity":14,"s:30:16:30:Infinity":15,"b:30:16:30:45:30:45:30:Infinity":6,"s:31:20:31:Infinity":16,"b:32:6:34:Infinity:undefined:undefined:undefined:undefined":7,"s:32:6:34:Infinity":17,"s:33:8:33:Infinity":18,"s:37:10:45:Infinity":19,"f:37:10:37:24":4,"b:38:6:38:Infinity:undefined:undefined:undefined:undefined":8,"s:38:6:38:Infinity":20,"s:38:31:38:Infinity":21,"s:39:6:39:Infinity":22,"s:40:16:40:Infinity":23,"b:40:16:40:52:40:52:40:Infinity":9,"s:41:20:41:Infinity":24,"b:42:6:44:Infinity:undefined:undefined:undefined:undefined":10,"s:42:6:44:Infinity":25,"b:42:10:42:34:42:34:42:54":11,"s:43:8:43:Infinity":26,"s:47:4:47:Infinity":27,"s:48:4:48:Infinity":28,"s:49:4:49:Infinity":29,"s:50:4:50:Infinity":30,"s:52:4:57:Infinity":31,"f:52:4:52:17":5,"s:53:6:53:Infinity":32,"s:54:6:54:Infinity":33,"s:55:6:55:Infinity":34,"s:56:6:56:Infinity":35},"fnNames":{}}}
,"/Users/ajitbasnet/Desktop/quizforce/src/hooks/useQuizGenerator.ts": {"path":"/Users/ajitbasnet/Desktop/quizforce/src/hooks/useQuizGenerator.ts","statementMap":{"0":{"start":{"line":2,"column":2},"end":{"line":2,"column":null}},"1":{"start":{"line":2,"column":33},"end":{"line":2,"column":43}}},"fnMap":{"0":{"name":"useQuizGenerator","decl":{"start":{"line":1,"column":16},"end":{"line":1,"column":35}},"loc":{"start":{"line":1,"column":35},"end":{"line":3,"column":null}},"line":1},"1":{"name":"(anonymous_1)","decl":{"start":{"line":2,"column":21},"end":{"line":2,"column":33}},"loc":{"start":{"line":2,"column":33},"end":{"line":2,"column":43}},"line":2}},"branchMap":{},"s":{"0":1,"1":1},"f":{"0":1,"1":1},"b":{},"meta":{"lastBranch":0,"lastFunction":2,"lastStatement":2,"seen":{"f:1:16:1:35":0,"s:2:2:2:Infinity":0,"f:2:21:2:33":1,"s:2:33:2:43":1},"fnNames":{}}}
,"/Users/ajitbasnet/Desktop/quizforce/src/hooks/useQuizLanguageSync.ts": {"path":"/Users/ajitbasnet/Desktop/quizforce/src/hooks/useQuizLanguageSync.ts","statementMap":{"0":{"start":{"line":9,"column":20},"end":{"line":9,"column":null}},"1":{"start":{"line":10,"column":21},"end":{"line":10,"column":null}},"2":{"start":{"line":13,"column":2},"end":{"line":13,"column":null}},"3":{"start":{"line":17,"column":2},"end":{"line":24,"column":null}},"4":{"start":{"line":18,"column":16},"end":{"line":18,"column":null}},"5":{"start":{"line":19,"column":4},"end":{"line":19,"column":null}},"6":{"start":{"line":19,"column":14},"end":{"line":19,"column":null}},"7":{"start":{"line":20,"column":4},"end":{"line":20,"column":null}},"8":{"start":{"line":22,"column":4},"end":{"line":22,"column":null}},"9":{"start":{"line":23,"column":4},"end":{"line":23,"column":null}},"10":{"start":{"line":32,"column":2},"end":{"line":35,"column":null}},"11":{"start":{"line":51,"column":8},"end":{"line":51,"column":null}},"12":{"start":{"line":51,"column":51},"end":{"line":51,"column":70}},"13":{"start":{"line":52,"column":24},"end":{"line":52,"column":null}},"14":{"start":{"line":53,"column":25},"end":{"line":53,"column":null}},"15":{"start":{"line":55,"column":8},"end":{"line":55,"column":null}},"16":{"start":{"line":56,"column":8},"end":{"line":56,"column":null}},"17":{"start":{"line":57,"column":8},"end":{"line":57,"column":null}},"18":{"start":{"line":58,"column":8},"end":{"line":58,"column":null}},"19":{"start":{"line":59,"column":8},"end":{"line":59,"column":null}},"20":{"start":{"line":60,"column":8},"end":{"line":60,"column":null}},"21":{"start":{"line":62,"column":2},"end":{"line":62,"column":null}},"22":{"start":{"line":63,"column":2},"end":{"line":63,"column":null}},"23":{"start":{"line":64,"column":2},"end":{"line":64,"column":null}},"24":{"start":{"line":66,"column":2},"end":{"line":155,"column":null}},"25":{"start":{"line":67,"column":4},"end":{"line":67,"column":null}},"26":{"start":{"line":69,"column":4},"end":{"line":73,"column":null}},"27":{"start":{"line":70,"column":6},"end":{"line":70,"column":null}},"28":{"start":{"line":71,"column":6},"end":{"line":71,"column":null}},"29":{"start":{"line":72,"column":6},"end":{"line":72,"column":null}},"30":{"start":{"line":75,"column":27},"end":{"line":75,"column":null}},"31":{"start":{"line":76,"column":23},"end":{"line":76,"column":null}},"32":{"start":{"line":78,"column":4},"end":{"line":80,"column":null}},"33":{"start":{"line":79,"column":6},"end":{"line":79,"column":null}},"34":{"start":{"line":82,"column":4},"end":{"line":146,"column":null}},"35":{"start":{"line":83,"column":6},"end":{"line":145,"column":null}},"36":{"start":{"line":84,"column":8},"end":{"line":84,"column":null}},"37":{"start":{"line":84,"column":54},"end":{"line":84,"column":null}},"38":{"start":{"line":86,"column":25},"end":{"line":86,"column":null}},"39":{"start":{"line":87,"column":23},"end":{"line":87,"column":null}},"40":{"start":{"line":89,"column":8},"end":{"line":98,"column":null}},"41":{"start":{"line":90,"column":25},"end":{"line":90,"column":null}},"42":{"start":{"line":91,"column":10},"end":{"line":91,"column":null}},"43":{"start":{"line":92,"column":33},"end":{"line":92,"column":null}},"44":{"start":{"line":93,"column":10},"end":{"line":95,"column":null}},"45":{"start":{"line":94,"column":12},"end":{"line":94,"column":null}},"46":{"start":{"line":96,"column":10},"end":{"line":96,"column":null}},"47":{"start":{"line":97,"column":10},"end":{"line":97,"column":null}},"48":{"start":{"line":100,"column":8},"end":{"line":100,"column":null}},"49":{"start":{"line":101,"column":27},"end":{"line":101,"column":null}},"50":{"start":{"line":102,"column":8},"end":{"line":102,"column":null}},"51":{"start":{"line":104,"column":8},"end":{"line":104,"column":null}},"52":{"start":{"line":105,"column":8},"end":{"line":105,"column":null}},"53":{"start":{"line":107,"column":8},"end":{"line":144,"column":null}},"54":{"start":{"line":108,"column":29},"end":{"line":112,"column":null}},"55":{"start":{"line":114,"column":10},"end":{"line":114,"column":null}},"56":{"start":{"line":114,"column":56},"end":{"line":114,"column":null}},"57":{"start":{"line":116,"column":25},"end":{"line":116,"column":null}},"58":{"start":{"line":117,"column":10},"end":{"line":117,"column":null}},"59":{"start":{"line":119,"column":10},"end":{"line":119,"column":null}},"60":{"start":{"line":121,"column":33},"end":{"line":121,"column":null}},"61":{"start":{"line":122,"column":10},"end":{"line":124,"column":null}},"62":{"start":{"line":123,"column":12},"end":{"line":123,"column":null}},"63":{"start":{"line":126,"column":10},"end":{"line":126,"column":null}},"64":{"start":{"line":128,"column":10},"end":{"line":128,"column":null}},"65":{"start":{"line":128,"column":56},"end":{"line":128,"column":null}},"66":{"start":{"line":129,"column":10},"end":{"line":131,"column":null}},"67":{"start":{"line":130,"column":12},"end":{"line":130,"column":null}},"68":{"start":{"line":134,"column":12},"end":{"line":138,"column":null}},"69":{"start":{"line":139,"column":10},"end":{"line":139,"column":null}},"70":{"start":{"line":141,"column":10},"end":{"line":143,"column":null}},"71":{"start":{"line":142,"column":12},"end":{"line":142,"column":null}},"72":{"start":{"line":148,"column":4},"end":{"line":154,"column":null}},"73":{"start":{"line":149,"column":6},"end":{"line":152,"column":null}},"74":{"start":{"line":150,"column":8},"end":{"line":150,"column":null}},"75":{"start":{"line":151,"column":8},"end":{"line":151,"column":null}},"76":{"start":{"line":153,"column":6},"end":{"line":153,"column":null}},"77":{"start":{"line":157,"column":2},"end":{"line":157,"column":null}}},"fnMap":{"0":{"name":"translationCacheKey","decl":{"start":{"line":12,"column":9},"end":{"line":12,"column":29}},"loc":{"start":{"line":12,"column":84},"end":{"line":14,"column":null}},"line":12},"1":{"name":"readCachedQuiz","decl":{"start":{"line":16,"column":9},"end":{"line":16,"column":24}},"loc":{"start":{"line":16,"column":55},"end":{"line":25,"column":null}},"line":16},"2":{"name":"applyTranslation","decl":{"start":{"line":27,"column":9},"end":{"line":27,"column":null}},"loc":{"start":{"line":31,"column":8},"end":{"line":36,"column":null}},"line":31},"3":{"name":"useQuizLanguageSync","decl":{"start":{"line":45,"column":16},"end":{"line":45,"column":36}},"loc":{"start":{"line":50,"column":31},"end":{"line":158,"column":null}},"line":50},"4":{"name":"(anonymous_4)","decl":{"start":{"line":51,"column":27},"end":{"line":51,"column":45}},"loc":{"start":{"line":51,"column":51},"end":{"line":51,"column":70}},"line":51},"5":{"name":"(anonymous_5)","decl":{"start":{"line":66,"column":2},"end":{"line":66,"column":18}},"loc":{"start":{"line":66,"column":18},"end":{"line":155,"column":5}},"line":66},"6":{"name":"(anonymous_6)","decl":{"start":{"line":82,"column":26},"end":{"line":82,"column":43}},"loc":{"start":{"line":82,"column":43},"end":{"line":146,"column":7}},"line":82},"7":{"name":"(anonymous_7)","decl":{"start":{"line":83,"column":12},"end":{"line":83,"column":24}},"loc":{"start":{"line":83,"column":24},"end":{"line":145,"column":9}},"line":83},"8":{"name":"(anonymous_8)","decl":{"start":{"line":148,"column":4},"end":{"line":148,"column":17}},"loc":{"start":{"line":148,"column":17},"end":{"line":154,"column":null}},"line":148}},"branchMap":{"0":{"loc":{"start":{"line":19,"column":4},"end":{"line":19,"column":null}},"type":"if","locations":[{"start":{"line":19,"column":4},"end":{"line":19,"column":null}},{"start":{},"end":{}}],"line":19},"1":{"loc":{"start":{"line":69,"column":4},"end":{"line":73,"column":null}},"type":"if","locations":[{"start":{"line":69,"column":4},"end":{"line":73,"column":null}},{"start":{},"end":{}}],"line":69},"2":{"loc":{"start":{"line":69,"column":8},"end":{"line":69,"column":53}},"type":"binary-expr","locations":[{"start":{"line":69,"column":8},"end":{"line":69,"column":17}},{"start":{"line":69,"column":17},"end":{"line":69,"column":53}}],"line":69},"3":{"loc":{"start":{"line":78,"column":4},"end":{"line":80,"column":null}},"type":"if","locations":[{"start":{"line":78,"column":4},"end":{"line":80,"column":null}},{"start":{},"end":{}}],"line":78},"4":{"loc":{"start":{"line":84,"column":8},"end":{"line":84,"column":null}},"type":"if","locations":[{"start":{"line":84,"column":8},"end":{"line":84,"column":null}},{"start":{},"end":{}}],"line":84},"5":{"loc":{"start":{"line":89,"column":8},"end":{"line":98,"column":null}},"type":"if","locations":[{"start":{"line":89,"column":8},"end":{"line":98,"column":null}},{"start":{},"end":{}}],"line":89},"6":{"loc":{"start":{"line":93,"column":10},"end":{"line":95,"column":null}},"type":"if","locations":[{"start":{"line":93,"column":10},"end":{"line":95,"column":null}},{"start":{},"end":{}}],"line":93},"7":{"loc":{"start":{"line":93,"column":14},"end":{"line":93,"column":60}},"type":"binary-expr","locations":[{"start":{"line":93,"column":14},"end":{"line":93,"column":32}},{"start":{"line":93,"column":32},"end":{"line":93,"column":60}}],"line":93},"8":{"loc":{"start":{"line":114,"column":10},"end":{"line":114,"column":null}},"type":"if","locations":[{"start":{"line":114,"column":10},"end":{"line":114,"column":null}},{"start":{},"end":{}}],"line":114},"9":{"loc":{"start":{"line":122,"column":10},"end":{"line":124,"column":null}},"type":"if","locations":[{"start":{"line":122,"column":10},"end":{"line":124,"column":null}},{"start":{},"end":{}}],"line":122},"10":{"loc":{"start":{"line":122,"column":14},"end":{"line":122,"column":60}},"type":"binary-expr","locations":[{"start":{"line":122,"column":14},"end":{"line":122,"column":32}},{"start":{"line":122,"column":32},"end":{"line":122,"column":60}}],"line":122},"11":{"loc":{"start":{"line":128,"column":10},"end":{"line":128,"column":null}},"type":"if","locations":[{"start":{"line":128,"column":10},"end":{"line":128,"column":null}},{"start":{},"end":{}}],"line":128},"12":{"loc":{"start":{"line":129,"column":10},"end":{"line":131,"column":null}},"type":"if","locations":[{"start":{"line":129,"column":10},"end":{"line":131,"column":null}},{"start":{},"end":{}}],"line":129},"13":{"loc":{"start":{"line":129,"column":14},"end":{"line":129,"column":80}},"type":"binary-expr","locations":[{"start":{"line":129,"column":14},"end":{"line":129,"column":54}},{"start":{"line":129,"column":54},"end":{"line":129,"column":80}}],"line":129},"14":{"loc":{"start":{"line":134,"column":12},"end":{"line":138,"column":null}},"type":"cond-expr","locations":[{"start":{"line":135,"column":16},"end":{"line":135,"column":null}},{"start":{"line":136,"column":16},"end":{"line":138,"column":null}}],"line":134},"15":{"loc":{"start":{"line":136,"column":16},"end":{"line":138,"column":null}},"type":"cond-expr","locations":[{"start":{"line":137,"column":18},"end":{"line":137,"column":null}},{"start":{"line":138,"column":18},"end":{"line":138,"column":null}}],"line":136},"16":{"loc":{"start":{"line":141,"column":10},"end":{"line":143,"column":null}},"type":"if","locations":[{"start":{"line":141,"column":10},"end":{"line":143,"column":null}},{"start":{},"end":{}}],"line":141},"17":{"loc":{"start":{"line":149,"column":6},"end":{"line":152,"column":null}},"type":"if","locations":[{"start":{"line":149,"column":6},"end":{"line":152,"column":null}},{"start":{},"end":{}}],"line":149}},"s":{"0":1,"1":1,"2":3,"3":3,"4":3,"5":3,"6":3,"7":0,"8":0,"9":0,"10":2,"11":8,"12":23,"13":8,"14":8,"15":8,"16":8,"17":8,"18":8,"19":8,"20":8,"21":8,"22":8,"23":8,"24":8,"25":4,"26":4,"27":1,"28":1,"29":1,"30":3,"31":3,"32":3,"33":0,"34":3,"35":3,"36":3,"37":0,"38":3,"39":3,"40":3,"41":0,"42":0,"43":0,"44":0,"45":0,"46":0,"47":0,"48":3,"49":3,"50":3,"51":3,"52":3,"53":3,"54":3,"55":3,"56":1,"57":2,"58":2,"59":2,"60":2,"61":2,"62":0,"63":2,"64":0,"65":0,"66":0,"67":0,"68":0,"69":0,"70":3,"71":2,"72":3,"73":3,"74":3,"75":3,"76":3,"77":8},"f":{"0":3,"1":3,"2":2,"3":8,"4":23,"5":4,"6":3,"7":3,"8":3},"b":{"0":[3,0],"1":[1,3],"2":[4,4],"3":[0,3],"4":[0,3],"5":[0,3],"6":[0,0],"7":[0,0],"8":[1,2],"9":[0,2],"10":[2,0],"11":[0,0],"12":[0,0],"13":[0,0],"14":[0,0],"15":[0,0],"16":[2,1],"17":[3,0]},"meta":{"lastBranch":18,"lastFunction":9,"lastStatement":78,"seen":{"s:9:20:9:Infinity":0,"s:10:21:10:Infinity":1,"f:12:9:12:29":0,"s:13:2:13:Infinity":2,"f:16:9:16:24":1,"s:17:2:24:Infinity":3,"s:18:16:18:Infinity":4,"b:19:4:19:Infinity:undefined:undefined:undefined:undefined":0,"s:19:4:19:Infinity":5,"s:19:14:19:Infinity":6,"s:20:4:20:Infinity":7,"s:22:4:22:Infinity":8,"s:23:4:23:Infinity":9,"f:27:9:27:Infinity":2,"s:32:2:35:Infinity":10,"f:45:16:45:36":3,"s:51:8:51:Infinity":11,"f:51:27:51:45":4,"s:51:51:51:70":12,"s:52:24:52:Infinity":13,"s:53:25:53:Infinity":14,"s:55:8:55:Infinity":15,"s:56:8:56:Infinity":16,"s:57:8:57:Infinity":17,"s:58:8:58:Infinity":18,"s:59:8:59:Infinity":19,"s:60:8:60:Infinity":20,"s:62:2:62:Infinity":21,"s:63:2:63:Infinity":22,"s:64:2:64:Infinity":23,"s:66:2:155:Infinity":24,"f:66:2:66:18":5,"s:67:4:67:Infinity":25,"b:69:4:73:Infinity:undefined:undefined:undefined:undefined":1,"s:69:4:73:Infinity":26,"b:69:8:69:17:69:17:69:53":2,"s:70:6:70:Infinity":27,"s:71:6:71:Infinity":28,"s:72:6:72:Infinity":29,"s:75:27:75:Infinity":30,"s:76:23:76:Infinity":31,"b:78:4:80:Infinity:undefined:undefined:undefined:undefined":3,"s:78:4:80:Infinity":32,"s:79:6:79:Infinity":33,"s:82:4:146:Infinity":34,"f:82:26:82:43":6,"s:83:6:145:Infinity":35,"f:83:12:83:24":7,"b:84:8:84:Infinity:undefined:undefined:undefined:undefined":4,"s:84:8:84:Infinity":36,"s:84:54:84:Infinity":37,"s:86:25:86:Infinity":38,"s:87:23:87:Infinity":39,"b:89:8:98:Infinity:undefined:undefined:undefined:undefined":5,"s:89:8:98:Infinity":40,"s:90:25:90:Infinity":41,"s:91:10:91:Infinity":42,"s:92:33:92:Infinity":43,"b:93:10:95:Infinity:undefined:undefined:undefined:undefined":6,"s:93:10:95:Infinity":44,"b:93:14:93:32:93:32:93:60":7,"s:94:12:94:Infinity":45,"s:96:10:96:Infinity":46,"s:97:10:97:Infinity":47,"s:100:8:100:Infinity":48,"s:101:27:101:Infinity":49,"s:102:8:102:Infinity":50,"s:104:8:104:Infinity":51,"s:105:8:105:Infinity":52,"s:107:8:144:Infinity":53,"s:108:29:112:Infinity":54,"b:114:10:114:Infinity:undefined:undefined:undefined:undefined":8,"s:114:10:114:Infinity":55,"s:114:56:114:Infinity":56,"s:116:25:116:Infinity":57,"s:117:10:117:Infinity":58,"s:119:10:119:Infinity":59,"s:121:33:121:Infinity":60,"b:122:10:124:Infinity:undefined:undefined:undefined:undefined":9,"s:122:10:124:Infinity":61,"b:122:14:122:32:122:32:122:60":10,"s:123:12:123:Infinity":62,"s:126:10:126:Infinity":63,"b:128:10:128:Infinity:undefined:undefined:undefined:undefined":11,"s:128:10:128:Infinity":64,"s:128:56:128:Infinity":65,"b:129:10:131:Infinity:undefined:undefined:undefined:undefined":12,"s:129:10:131:Infinity":66,"b:129:14:129:54:129:54:129:80":13,"s:130:12:130:Infinity":67,"s:134:12:138:Infinity":68,"b:135:16:135:Infinity:136:16:138:Infinity":14,"b:137:18:137:Infinity:138:18:138:Infinity":15,"s:139:10:139:Infinity":69,"b:141:10:143:Infinity:undefined:undefined:undefined:undefined":16,"s:141:10:143:Infinity":70,"s:142:12:142:Infinity":71,"s:148:4:154:Infinity":72,"f:148:4:148:17":8,"b:149:6:152:Infinity:undefined:undefined:undefined:undefined":17,"s:149:6:152:Infinity":73,"s:150:8:150:Infinity":74,"s:151:8:151:Infinity":75,"s:153:6:153:Infinity":76,"s:157:2:157:Infinity":77},"fnNames":{}}}
,"/Users/ajitbasnet/Desktop/quizforce/src/hooks/useQuizNavigation.ts": {"path":"/Users/ajitbasnet/Desktop/quizforce/src/hooks/useQuizNavigation.ts","statementMap":{"0":{"start":{"line":5,"column":8},"end":{"line":5,"column":null}},"1":{"start":{"line":5,"column":42},"end":{"line":5,"column":55}},"2":{"start":{"line":6,"column":8},"end":{"line":6,"column":null}},"3":{"start":{"line":6,"column":42},"end":{"line":6,"column":55}},"4":{"start":{"line":7,"column":31},"end":{"line":7,"column":null}},"5":{"start":{"line":9,"column":2},"end":{"line":11,"column":null}},"6":{"start":{"line":10,"column":4},"end":{"line":10,"column":null}},"7":{"start":{"line":13,"column":25},"end":{"line":13,"column":null}},"8":{"start":{"line":14,"column":20},"end":{"line":14,"column":null}},"9":{"start":{"line":15,"column":20},"end":{"line":15,"column":null}},"10":{"start":{"line":17,"column":8},"end":{"line":25,"column":null}},"11":{"start":{"line":19,"column":6},"end":{"line":22,"column":null}},"12":{"start":{"line":20,"column":8},"end":{"line":20,"column":null}},"13":{"start":{"line":20,"column":34},"end":{"line":20,"column":null}},"14":{"start":{"line":21,"column":8},"end":{"line":21,"column":null}},"15":{"start":{"line":27,"column":8},"end":{"line":34,"column":null}},"16":{"start":{"line":29,"column":6},"end":{"line":31,"column":null}},"17":{"start":{"line":36,"column":8},"end":{"line":44,"column":null}},"18":{"start":{"line":38,"column":6},"end":{"line":38,"column":null}},"19":{"start":{"line":38,"column":24},"end":{"line":38,"column":null}},"20":{"start":{"line":39,"column":23},"end":{"line":39,"column":null}},"21":{"start":{"line":40,"column":6},"end":{"line":40,"column":null}},"22":{"start":{"line":40,"column":21},"end":{"line":40,"column":null}},"23":{"start":{"line":41,"column":6},"end":{"line":41,"column":null}},"24":{"start":{"line":46,"column":8},"end":{"line":49,"column":null}},"25":{"start":{"line":47,"column":23},"end":{"line":47,"column":null}},"26":{"start":{"line":51,"column":2},"end":{"line":60,"column":null}}},"fnMap":{"0":{"name":"useQuizNavigation","decl":{"start":{"line":4,"column":16},"end":{"line":4,"column":36}},"loc":{"start":{"line":4,"column":36},"end":{"line":61,"column":null}},"line":4},"1":{"name":"(anonymous_1)","decl":{"start":{"line":5,"column":22},"end":{"line":5,"column":36}},"loc":{"start":{"line":5,"column":42},"end":{"line":5,"column":55}},"line":5},"2":{"name":"(anonymous_2)","decl":{"start":{"line":6,"column":22},"end":{"line":6,"column":36}},"loc":{"start":{"line":6,"column":42},"end":{"line":6,"column":55}},"line":6},"3":{"name":"(anonymous_3)","decl":{"start":{"line":9,"column":2},"end":{"line":9,"column":18}},"loc":{"start":{"line":9,"column":18},"end":{"line":11,"column":5}},"line":9},"4":{"name":"(anonymous_4)","decl":{"start":{"line":17,"column":19},"end":{"line":17,"column":null}},"loc":{"start":{"line":18,"column":36},"end":{"line":23,"column":null}},"line":18},"5":{"name":"(anonymous_5)","decl":{"start":{"line":19,"column":6},"end":{"line":19,"column":31}},"loc":{"start":{"line":19,"column":41},"end":{"line":22,"column":7}},"line":19},"6":{"name":"(anonymous_6)","decl":{"start":{"line":27,"column":17},"end":{"line":27,"column":null}},"loc":{"start":{"line":28,"column":23},"end":{"line":32,"column":null}},"line":28},"7":{"name":"(anonymous_7)","decl":{"start":{"line":36,"column":21},"end":{"line":36,"column":null}},"loc":{"start":{"line":37,"column":23},"end":{"line":42,"column":null}},"line":37},"8":{"name":"(anonymous_8)","decl":{"start":{"line":46,"column":20},"end":{"line":46,"column":null}},"loc":{"start":{"line":47,"column":23},"end":{"line":47,"column":null}},"line":47}},"branchMap":{"0":{"loc":{"start":{"line":13,"column":25},"end":{"line":13,"column":null}},"type":"binary-expr","locations":[{"start":{"line":13,"column":25},"end":{"line":13,"column":58}},{"start":{"line":13,"column":58},"end":{"line":13,"column":null}}],"line":13},"1":{"loc":{"start":{"line":20,"column":8},"end":{"line":20,"column":null}},"type":"if","locations":[{"start":{"line":20,"column":8},"end":{"line":20,"column":null}},{"start":{},"end":{}}],"line":20},"2":{"loc":{"start":{"line":38,"column":6},"end":{"line":38,"column":null}},"type":"if","locations":[{"start":{"line":38,"column":6},"end":{"line":38,"column":null}},{"start":{},"end":{}}],"line":38},"3":{"loc":{"start":{"line":40,"column":6},"end":{"line":40,"column":null}},"type":"if","locations":[{"start":{"line":40,"column":6},"end":{"line":40,"column":null}},{"start":{},"end":{}}],"line":40}},"s":{"0":3,"1":9,"2":3,"3":9,"4":3,"5":3,"6":1,"7":3,"8":3,"9":3,"10":3,"11":1,"12":1,"13":0,"14":1,"15":3,"16":1,"17":3,"18":1,"19":0,"20":1,"21":1,"22":0,"23":1,"24":3,"25":1,"26":3},"f":{"0":3,"1":9,"2":9,"3":1,"4":1,"5":1,"6":1,"7":1,"8":1},"b":{"0":[3,0],"1":[0,1],"2":[0,1],"3":[0,1]},"meta":{"lastBranch":4,"lastFunction":9,"lastStatement":27,"seen":{"f:4:16:4:36":0,"s:5:8:5:Infinity":0,"f:5:22:5:36":1,"s:5:42:5:55":1,"s:6:8:6:Infinity":2,"f:6:22:6:36":2,"s:6:42:6:55":3,"s:7:31:7:Infinity":4,"s:9:2:11:Infinity":5,"f:9:2:9:18":3,"s:10:4:10:Infinity":6,"s:13:25:13:Infinity":7,"b:13:25:13:58:13:58:13:Infinity":0,"s:14:20:14:Infinity":8,"s:15:20:15:Infinity":9,"s:17:8:25:Infinity":10,"f:17:19:17:Infinity":4,"s:19:6:22:Infinity":11,"f:19:6:19:31":5,"b:20:8:20:Infinity:undefined:undefined:undefined:undefined":1,"s:20:8:20:Infinity":12,"s:20:34:20:Infinity":13,"s:21:8:21:Infinity":14,"s:27:8:34:Infinity":15,"f:27:17:27:Infinity":6,"s:29:6:31:Infinity":16,"s:36:8:44:Infinity":17,"f:36:21:36:Infinity":7,"b:38:6:38:Infinity:undefined:undefined:undefined:undefined":2,"s:38:6:38:Infinity":18,"s:38:24:38:Infinity":19,"s:39:23:39:Infinity":20,"b:40:6:40:Infinity:undefined:undefined:undefined:undefined":3,"s:40:6:40:Infinity":21,"s:40:21:40:Infinity":22,"s:41:6:41:Infinity":23,"s:46:8:49:Infinity":24,"f:46:20:46:Infinity":8,"s:47:23:47:Infinity":25,"s:51:2:60:Infinity":26},"fnNames":{}}}
,"/Users/ajitbasnet/Desktop/quizforce/src/hooks/useReducedMotion.ts": {"path":"/Users/ajitbasnet/Desktop/quizforce/src/hooks/useReducedMotion.ts","statementMap":{"0":{"start":{"line":5,"column":39},"end":{"line":5,"column":null}},"1":{"start":{"line":6,"column":38},"end":{"line":6,"column":null}},"2":{"start":{"line":9,"column":2},"end":{"line":9,"column":null}},"3":{"start":{"line":16,"column":31},"end":{"line":16,"column":null}},"4":{"start":{"line":18,"column":2},"end":{"line":18,"column":null}},"5":{"start":{"line":18,"column":28},"end":{"line":18,"column":null}},"6":{"start":{"line":20,"column":2},"end":{"line":20,"column":null}},"7":{"start":{"line":24,"column":31},"end":{"line":24,"column":null}},"8":{"start":{"line":26,"column":2},"end":{"line":26,"column":null}},"9":{"start":{"line":26,"column":28},"end":{"line":26,"column":null}},"10":{"start":{"line":28,"column":2},"end":{"line":28,"column":null}}},"fnMap":{"0":{"name":"useReducedMotion","decl":{"start":{"line":8,"column":16},"end":{"line":8,"column":44}},"loc":{"start":{"line":8,"column":44},"end":{"line":10,"column":null}},"line":8},"1":{"name":"useMotionTransition","decl":{"start":{"line":12,"column":16},"end":{"line":12,"column":null}},"loc":{"start":{"line":15,"column":14},"end":{"line":21,"column":null}},"line":15},"2":{"name":"useMotionSpring","decl":{"start":{"line":23,"column":16},"end":{"line":23,"column":49}},"loc":{"start":{"line":23,"column":49},"end":{"line":29,"column":null}},"line":23}},"branchMap":{"0":{"loc":{"start":{"line":14,"column":2},"end":{"line":14,"column":null}},"type":"default-arg","locations":[{"start":{"line":14,"column":17},"end":{"line":14,"column":null}}],"line":14},"1":{"loc":{"start":{"line":18,"column":2},"end":{"line":18,"column":null}},"type":"if","locations":[{"start":{"line":18,"column":2},"end":{"line":18,"column":null}},{"start":{},"end":{}}],"line":18},"2":{"loc":{"start":{"line":26,"column":2},"end":{"line":26,"column":null}},"type":"if","locations":[{"start":{"line":26,"column":2},"end":{"line":26,"column":null}},{"start":{},"end":{}}],"line":26}},"s":{"0":1,"1":1,"2":7,"3":3,"4":3,"5":1,"6":2,"7":2,"8":2,"9":1,"10":1},"f":{"0":7,"1":3,"2":2},"b":{"0":[3],"1":[1,2],"2":[1,1]},"meta":{"lastBranch":3,"lastFunction":3,"lastStatement":11,"seen":{"s:5:39:5:Infinity":0,"s:6:38:6:Infinity":1,"f:8:16:8:44":0,"s:9:2:9:Infinity":2,"f:12:16:12:Infinity":1,"b:14:17:14:Infinity":0,"s:16:31:16:Infinity":3,"b:18:2:18:Infinity:undefined:undefined:undefined:undefined":1,"s:18:2:18:Infinity":4,"s:18:28:18:Infinity":5,"s:20:2:20:Infinity":6,"f:23:16:23:49":2,"s:24:31:24:Infinity":7,"b:26:2:26:Infinity:undefined:undefined:undefined:undefined":2,"s:26:2:26:Infinity":8,"s:26:28:26:Infinity":9,"s:28:2:28:Infinity":10},"fnNames":{}}}
,"/Users/ajitbasnet/Desktop/quizforce/src/hooks/useScore.ts": {"path":"/Users/ajitbasnet/Desktop/quizforce/src/hooks/useScore.ts","statementMap":{"0":{"start":{"line":2,"column":2},"end":{"line":2,"column":null}},"1":{"start":{"line":2,"column":38},"end":{"line":2,"column":40}}},"fnMap":{"0":{"name":"useScore","decl":{"start":{"line":1,"column":16},"end":{"line":1,"column":27}},"loc":{"start":{"line":1,"column":27},"end":{"line":3,"column":null}},"line":1},"1":{"name":"(anonymous_1)","decl":{"start":{"line":2,"column":21},"end":{"line":2,"column":38}},"loc":{"start":{"line":2,"column":38},"end":{"line":2,"column":40}},"line":2}},"branchMap":{},"s":{"0":1,"1":1},"f":{"0":1,"1":1},"b":{},"meta":{"lastBranch":0,"lastFunction":2,"lastStatement":2,"seen":{"f:1:16:1:27":0,"s:2:2:2:Infinity":0,"f:2:21:2:38":1,"s:2:38:2:40":1},"fnNames":{}}}
,"/Users/ajitbasnet/Desktop/quizforce/src/hooks/useScrollRestoration.ts": {"path":"/Users/ajitbasnet/Desktop/quizforce/src/hooks/useScrollRestoration.ts","statementMap":{"0":{"start":{"line":4,"column":27},"end":{"line":4,"column":null}},"1":{"start":{"line":7,"column":2},"end":{"line":11,"column":null}},"2":{"start":{"line":8,"column":4},"end":{"line":8,"column":null}},"3":{"start":{"line":15,"column":2},"end":{"line":22,"column":null}},"4":{"start":{"line":16,"column":16},"end":{"line":16,"column":null}},"5":{"start":{"line":17,"column":4},"end":{"line":17,"column":null}},"6":{"start":{"line":17,"column":22},"end":{"line":17,"column":null}},"7":{"start":{"line":18,"column":14},"end":{"line":18,"column":null}},"8":{"start":{"line":19,"column":4},"end":{"line":19,"column":null}},"9":{"start":{"line":21,"column":4},"end":{"line":21,"column":null}},"10":{"start":{"line":26,"column":8},"end":{"line":26,"column":null}},"11":{"start":{"line":28,"column":2},"end":{"line":36,"column":null}},"12":{"start":{"line":29,"column":10},"end":{"line":29,"column":null}},"13":{"start":{"line":29,"column":33},"end":{"line":29,"column":null}},"14":{"start":{"line":31,"column":4},"end":{"line":31,"column":null}},"15":{"start":{"line":32,"column":4},"end":{"line":35,"column":null}},"16":{"start":{"line":33,"column":6},"end":{"line":33,"column":null}},"17":{"start":{"line":34,"column":6},"end":{"line":34,"column":null}},"18":{"start":{"line":38,"column":2},"end":{"line":47,"column":null}},"19":{"start":{"line":39,"column":4},"end":{"line":39,"column":null}},"20":{"start":{"line":39,"column":34},"end":{"line":39,"column":null}},"21":{"start":{"line":41,"column":14},"end":{"line":41,"column":null}},"22":{"start":{"line":42,"column":4},"end":{"line":42,"column":null}},"23":{"start":{"line":42,"column":20},"end":{"line":42,"column":null}},"24":{"start":{"line":44,"column":4},"end":{"line":46,"column":null}},"25":{"start":{"line":45,"column":6},"end":{"line":45,"column":null}}},"fnMap":{"0":{"name":"saveScrollPosition","decl":{"start":{"line":6,"column":9},"end":{"line":6,"column":28}},"loc":{"start":{"line":6,"column":47},"end":{"line":12,"column":null}},"line":6},"1":{"name":"readScrollPosition","decl":{"start":{"line":14,"column":9},"end":{"line":14,"column":28}},"loc":{"start":{"line":14,"column":56},"end":{"line":23,"column":null}},"line":14},"2":{"name":"useScrollRestoration","decl":{"start":{"line":25,"column":16},"end":{"line":25,"column":37}},"loc":{"start":{"line":25,"column":76},"end":{"line":48,"column":null}},"line":25},"3":{"name":"(anonymous_3)","decl":{"start":{"line":28,"column":2},"end":{"line":28,"column":18}},"loc":{"start":{"line":28,"column":18},"end":{"line":36,"column":5}},"line":28},"4":{"name":"(anonymous_4)","decl":{"start":{"line":29,"column":10},"end":{"line":29,"column":33}},"loc":{"start":{"line":29,"column":33},"end":{"line":29,"column":null}},"line":29},"5":{"name":"(anonymous_5)","decl":{"start":{"line":32,"column":4},"end":{"line":32,"column":17}},"loc":{"start":{"line":32,"column":17},"end":{"line":35,"column":null}},"line":32},"6":{"name":"(anonymous_6)","decl":{"start":{"line":38,"column":2},"end":{"line":38,"column":24}},"loc":{"start":{"line":38,"column":24},"end":{"line":47,"column":5}},"line":38},"7":{"name":"(anonymous_7)","decl":{"start":{"line":44,"column":4},"end":{"line":44,"column":32}},"loc":{"start":{"line":44,"column":32},"end":{"line":46,"column":5}},"line":44}},"branchMap":{"0":{"loc":{"start":{"line":17,"column":4},"end":{"line":17,"column":null}},"type":"if","locations":[{"start":{"line":17,"column":4},"end":{"line":17,"column":null}},{"start":{},"end":{}}],"line":17},"1":{"loc":{"start":{"line":19,"column":11},"end":{"line":19,"column":null}},"type":"cond-expr","locations":[{"start":{"line":19,"column":32},"end":{"line":19,"column":36}},{"start":{"line":19,"column":36},"end":{"line":19,"column":null}}],"line":19},"2":{"loc":{"start":{"line":25,"column":37},"end":{"line":25,"column":76}},"type":"default-arg","locations":[{"start":{"line":25,"column":50},"end":{"line":25,"column":76}}],"line":25},"3":{"loc":{"start":{"line":39,"column":4},"end":{"line":39,"column":null}},"type":"if","locations":[{"start":{"line":39,"column":4},"end":{"line":39,"column":null}},{"start":{},"end":{}}],"line":39},"4":{"loc":{"start":{"line":42,"column":4},"end":{"line":42,"column":null}},"type":"if","locations":[{"start":{"line":42,"column":4},"end":{"line":42,"column":null}},{"start":{},"end":{}}],"line":42}},"s":{"0":0,"1":0,"2":0,"3":0,"4":0,"5":0,"6":0,"7":0,"8":0,"9":0,"10":0,"11":0,"12":0,"13":0,"14":0,"15":0,"16":0,"17":0,"18":0,"19":0,"20":0,"21":0,"22":0,"23":0,"24":0,"25":0},"f":{"0":0,"1":0,"2":0,"3":0,"4":0,"5":0,"6":0,"7":0},"b":{"0":[0,0],"1":[0,0],"2":[0],"3":[0,0],"4":[0,0]},"meta":{"lastBranch":5,"lastFunction":8,"lastStatement":26,"seen":{"s:4:27:4:Infinity":0,"f:6:9:6:28":0,"s:7:2:11:Infinity":1,"s:8:4:8:Infinity":2,"f:14:9:14:28":1,"s:15:2:22:Infinity":3,"s:16:16:16:Infinity":4,"b:17:4:17:Infinity:undefined:undefined:undefined:undefined":0,"s:17:4:17:Infinity":5,"s:17:22:17:Infinity":6,"s:18:14:18:Infinity":7,"s:19:4:19:Infinity":8,"b:19:32:19:36:19:36:19:Infinity":1,"s:21:4:21:Infinity":9,"f:25:16:25:37":2,"b:25:50:25:76":2,"s:26:8:26:Infinity":10,"s:28:2:36:Infinity":11,"f:28:2:28:18":3,"s:29:10:29:Infinity":12,"f:29:10:29:33":4,"s:29:33:29:Infinity":13,"s:31:4:31:Infinity":14,"s:32:4:35:Infinity":15,"f:32:4:32:17":5,"s:33:6:33:Infinity":16,"s:34:6:34:Infinity":17,"s:38:2:47:Infinity":18,"f:38:2:38:24":6,"b:39:4:39:Infinity:undefined:undefined:undefined:undefined":3,"s:39:4:39:Infinity":19,"s:39:34:39:Infinity":20,"s:41:14:41:Infinity":21,"b:42:4:42:Infinity:undefined:undefined:undefined:undefined":4,"s:42:4:42:Infinity":22,"s:42:20:42:Infinity":23,"s:44:4:46:Infinity":24,"f:44:4:44:32":7,"s:45:6:45:Infinity":25},"fnNames":{}}}
,"/Users/ajitbasnet/Desktop/quizforce/src/hooks/useSettingsAutoSave.ts": {"path":"/Users/ajitbasnet/Desktop/quizforce/src/hooks/useSettingsAutoSave.ts","statementMap":{"0":{"start":{"line":5,"column":26},"end":{"line":5,"column":null}},"1":{"start":{"line":8,"column":8},"end":{"line":8,"column":null}},"2":{"start":{"line":8,"column":49},"end":{"line":8,"column":65}},"3":{"start":{"line":9,"column":16},"end":{"line":9,"column":null}},"4":{"start":{"line":10,"column":8},"end":{"line":10,"column":null}},"5":{"start":{"line":12,"column":2},"end":{"line":16,"column":null}},"6":{"start":{"line":13,"column":4},"end":{"line":15,"column":null}},"7":{"start":{"line":14,"column":6},"end":{"line":14,"column":null}},"8":{"start":{"line":14,"column":30},"end":{"line":14,"column":null}},"9":{"start":{"line":18,"column":8},"end":{"line":22,"column":null}},"10":{"start":{"line":19,"column":4},"end":{"line":19,"column":null}},"11":{"start":{"line":20,"column":4},"end":{"line":20,"column":null}},"12":{"start":{"line":20,"column":28},"end":{"line":20,"column":null}},"13":{"start":{"line":21,"column":4},"end":{"line":21,"column":null}},"14":{"start":{"line":21,"column":42},"end":{"line":21,"column":59}},"15":{"start":{"line":24,"column":8},"end":{"line":30,"column":null}},"16":{"start":{"line":26,"column":6},"end":{"line":26,"column":null}},"17":{"start":{"line":27,"column":6},"end":{"line":27,"column":null}},"18":{"start":{"line":32,"column":2},"end":{"line":32,"column":null}}},"fnMap":{"0":{"name":"useSettingsAutoSave","decl":{"start":{"line":7,"column":16},"end":{"line":7,"column":38}},"loc":{"start":{"line":7,"column":38},"end":{"line":33,"column":null}},"line":7},"1":{"name":"(anonymous_1)","decl":{"start":{"line":8,"column":25},"end":{"line":8,"column":43}},"loc":{"start":{"line":8,"column":49},"end":{"line":8,"column":65}},"line":8},"2":{"name":"(anonymous_2)","decl":{"start":{"line":12,"column":2},"end":{"line":12,"column":18}},"loc":{"start":{"line":12,"column":18},"end":{"line":16,"column":5}},"line":12},"3":{"name":"(anonymous_3)","decl":{"start":{"line":13,"column":4},"end":{"line":13,"column":17}},"loc":{"start":{"line":13,"column":17},"end":{"line":15,"column":null}},"line":13},"4":{"name":"(anonymous_4)","decl":{"start":{"line":18,"column":20},"end":{"line":18,"column":38}},"loc":{"start":{"line":18,"column":38},"end":{"line":22,"column":5}},"line":18},"5":{"name":"(anonymous_5)","decl":{"start":{"line":21,"column":25},"end":{"line":21,"column":42}},"loc":{"start":{"line":21,"column":42},"end":{"line":21,"column":59}},"line":21},"6":{"name":"(anonymous_6)","decl":{"start":{"line":24,"column":15},"end":{"line":24,"column":null}},"loc":{"start":{"line":25,"column":40},"end":{"line":28,"column":null}},"line":25}},"branchMap":{"0":{"loc":{"start":{"line":14,"column":6},"end":{"line":14,"column":null}},"type":"if","locations":[{"start":{"line":14,"column":6},"end":{"line":14,"column":null}},{"start":{},"end":{}}],"line":14},"1":{"loc":{"start":{"line":20,"column":4},"end":{"line":20,"column":null}},"type":"if","locations":[{"start":{"line":20,"column":4},"end":{"line":20,"column":null}},{"start":{},"end":{}}],"line":20}},"s":{"0":1,"1":3,"2":10,"3":3,"4":3,"5":3,"6":1,"7":1,"8":1,"9":3,"10":1,"11":1,"12":0,"13":1,"14":1,"15":3,"16":1,"17":1,"18":3},"f":{"0":3,"1":10,"2":1,"3":1,"4":1,"5":1,"6":1},"b":{"0":[1,0],"1":[0,1]},"meta":{"lastBranch":2,"lastFunction":7,"lastStatement":19,"seen":{"s:5:26:5:Infinity":0,"f:7:16:7:38":0,"s:8:8:8:Infinity":1,"f:8:25:8:43":1,"s:8:49:8:65":2,"s:9:16:9:Infinity":3,"s:10:8:10:Infinity":4,"s:12:2:16:Infinity":5,"f:12:2:12:18":2,"s:13:4:15:Infinity":6,"f:13:4:13:17":3,"b:14:6:14:Infinity:undefined:undefined:undefined:undefined":0,"s:14:6:14:Infinity":7,"s:14:30:14:Infinity":8,"s:18:8:22:Infinity":9,"f:18:20:18:38":4,"s:19:4:19:Infinity":10,"b:20:4:20:Infinity:undefined:undefined:undefined:undefined":1,"s:20:4:20:Infinity":11,"s:20:28:20:Infinity":12,"s:21:4:21:Infinity":13,"f:21:25:21:42":5,"s:21:42:21:59":14,"s:24:8:30:Infinity":15,"f:24:15:24:Infinity":6,"s:26:6:26:Infinity":16,"s:27:6:27:Infinity":17,"s:32:2:32:Infinity":18},"fnNames":{}}}
,"/Users/ajitbasnet/Desktop/quizforce/src/hooks/useShakeOnError.ts": {"path":"/Users/ajitbasnet/Desktop/quizforce/src/hooks/useShakeOnError.ts","statementMap":{"0":{"start":{"line":4,"column":8},"end":{"line":4,"column":null}},"1":{"start":{"line":5,"column":22},"end":{"line":5,"column":null}},"2":{"start":{"line":7,"column":2},"end":{"line":20,"column":null}},"3":{"start":{"line":8,"column":21},"end":{"line":8,"column":null}},"4":{"start":{"line":10,"column":4},"end":{"line":15,"column":null}},"5":{"start":{"line":11,"column":6},"end":{"line":11,"column":null}},"6":{"start":{"line":12,"column":6},"end":{"line":12,"column":null}},"7":{"start":{"line":13,"column":20},"end":{"line":13,"column":null}},"8":{"start":{"line":13,"column":44},"end":{"line":13,"column":67}},"9":{"start":{"line":14,"column":6},"end":{"line":14,"column":null}},"10":{"start":{"line":14,"column":19},"end":{"line":14,"column":null}},"11":{"start":{"line":17,"column":4},"end":{"line":19,"column":null}},"12":{"start":{"line":18,"column":6},"end":{"line":18,"column":null}},"13":{"start":{"line":22,"column":2},"end":{"line":22,"column":null}}},"fnMap":{"0":{"name":"useShakeOnError","decl":{"start":{"line":3,"column":16},"end":{"line":3,"column":32}},"loc":{"start":{"line":3,"column":57},"end":{"line":23,"column":null}},"line":3},"1":{"name":"(anonymous_1)","decl":{"start":{"line":7,"column":2},"end":{"line":7,"column":18}},"loc":{"start":{"line":7,"column":18},"end":{"line":20,"column":5}},"line":7},"2":{"name":"(anonymous_2)","decl":{"start":{"line":13,"column":27},"end":{"line":13,"column":44}},"loc":{"start":{"line":13,"column":44},"end":{"line":13,"column":67}},"line":13},"3":{"name":"(anonymous_3)","decl":{"start":{"line":14,"column":6},"end":{"line":14,"column":19}},"loc":{"start":{"line":14,"column":19},"end":{"line":14,"column":null}},"line":14}},"branchMap":{"0":{"loc":{"start":{"line":10,"column":4},"end":{"line":15,"column":null}},"type":"if","locations":[{"start":{"line":10,"column":4},"end":{"line":15,"column":null}},{"start":{},"end":{}}],"line":10},"1":{"loc":{"start":{"line":10,"column":8},"end":{"line":10,"column":42}},"type":"binary-expr","locations":[{"start":{"line":10,"column":8},"end":{"line":10,"column":20}},{"start":{"line":10,"column":20},"end":{"line":10,"column":42}}],"line":10},"2":{"loc":{"start":{"line":17,"column":4},"end":{"line":19,"column":null}},"type":"if","locations":[{"start":{"line":17,"column":4},"end":{"line":19,"column":null}},{"start":{},"end":{}}],"line":17}},"s":{"0":4,"1":4,"2":4,"3":2,"4":2,"5":1,"6":1,"7":1,"8":1,"9":1,"10":1,"11":1,"12":1,"13":4},"f":{"0":4,"1":2,"2":1,"3":1},"b":{"0":[1,1],"1":[2,1],"2":[1,0]},"meta":{"lastBranch":3,"lastFunction":4,"lastStatement":14,"seen":{"f:3:16:3:32":0,"s:4:8:4:Infinity":0,"s:5:22:5:Infinity":1,"s:7:2:20:Infinity":2,"f:7:2:7:18":1,"s:8:21:8:Infinity":3,"b:10:4:15:Infinity:undefined:undefined:undefined:undefined":0,"s:10:4:15:Infinity":4,"b:10:8:10:20:10:20:10:42":1,"s:11:6:11:Infinity":5,"s:12:6:12:Infinity":6,"s:13:20:13:Infinity":7,"f:13:27:13:44":2,"s:13:44:13:67":8,"s:14:6:14:Infinity":9,"f:14:6:14:19":3,"s:14:19:14:Infinity":10,"b:17:4:19:Infinity:undefined:undefined:undefined:undefined":2,"s:17:4:19:Infinity":11,"s:18:6:18:Infinity":12,"s:22:2:22:Infinity":13},"fnNames":{}}}
,"/Users/ajitbasnet/Desktop/quizforce/src/hooks/useSpeechCleanup.ts": {"path":"/Users/ajitbasnet/Desktop/quizforce/src/hooks/useSpeechCleanup.ts","statementMap":{"0":{"start":{"line":6,"column":10},"end":{"line":6,"column":null}},"1":{"start":{"line":8,"column":2},"end":{"line":16,"column":null}},"2":{"start":{"line":8,"column":2},"end":{"line":14,"column":null}},"3":{"start":{"line":10,"column":6},"end":{"line":10,"column":null}},"4":{"start":{"line":11,"column":6},"end":{"line":13,"column":null}},"5":{"start":{"line":12,"column":8},"end":{"line":12,"column":null}}},"fnMap":{"0":{"name":"useSpeechCleanup","decl":{"start":{"line":5,"column":16},"end":{"line":5,"column":35}},"loc":{"start":{"line":5,"column":35},"end":{"line":17,"column":null}},"line":5},"1":{"name":"(anonymous_1)","decl":{"start":{"line":8,"column":2},"end":{"line":8,"column":null}},"loc":{"start":{"line":8,"column":2},"end":{"line":14,"column":null}},"line":8}},"branchMap":{"0":{"loc":{"start":{"line":11,"column":6},"end":{"line":13,"column":null}},"type":"if","locations":[{"start":{"line":11,"column":6},"end":{"line":13,"column":null}},{"start":{},"end":{}}],"line":11}},"s":{"0":1,"1":1,"2":1,"3":1,"4":1,"5":1},"f":{"0":1,"1":2},"b":{"0":[1,0]},"meta":{"lastBranch":1,"lastFunction":2,"lastStatement":6,"seen":{"f:5:16:5:35":0,"s:6:10:6:Infinity":0,"s:8:2:16:Infinity":1,"f:8:2:8:Infinity":1,"s:8:2:14:Infinity":2,"s:10:6:10:Infinity":3,"b:11:6:13:Infinity:undefined:undefined:undefined:undefined":0,"s:11:6:13:Infinity":4,"s:12:8:12:Infinity":5},"fnNames":{}}}
,"/Users/ajitbasnet/Desktop/quizforce/src/hooks/useSpeechVoices.ts": {"path":"/Users/ajitbasnet/Desktop/quizforce/src/hooks/useSpeechVoices.ts","statementMap":{"0":{"start":{"line":6,"column":26},"end":{"line":6,"column":null}},"1":{"start":{"line":7,"column":29},"end":{"line":7,"column":null}},"2":{"start":{"line":10,"column":20},"end":{"line":10,"column":null}},"3":{"start":{"line":11,"column":20},"end":{"line":11,"column":null}},"4":{"start":{"line":13,"column":2},"end":{"line":50,"column":null}},"5":{"start":{"line":14,"column":4},"end":{"line":17,"column":null}},"6":{"start":{"line":15,"column":6},"end":{"line":15,"column":null}},"7":{"start":{"line":16,"column":6},"end":{"line":16,"column":null}},"8":{"start":{"line":19,"column":21},"end":{"line":19,"column":null}},"9":{"start":{"line":22,"column":10},"end":{"line":36,"column":null}},"10":{"start":{"line":23,"column":19},"end":{"line":23,"column":null}},"11":{"start":{"line":24,"column":6},"end":{"line":24,"column":null}},"12":{"start":{"line":25,"column":6},"end":{"line":28,"column":null}},"13":{"start":{"line":26,"column":8},"end":{"line":26,"column":null}},"14":{"start":{"line":27,"column":8},"end":{"line":27,"column":null}},"15":{"start":{"line":30,"column":6},"end":{"line":35,"column":null}},"16":{"start":{"line":31,"column":8},"end":{"line":31,"column":null}},"17":{"start":{"line":32,"column":8},"end":{"line":32,"column":null}},"18":{"start":{"line":34,"column":8},"end":{"line":34,"column":null}},"19":{"start":{"line":38,"column":10},"end":{"line":42,"column":null}},"20":{"start":{"line":39,"column":19},"end":{"line":39,"column":null}},"21":{"start":{"line":40,"column":6},"end":{"line":40,"column":null}},"22":{"start":{"line":41,"column":6},"end":{"line":41,"column":null}},"23":{"start":{"line":44,"column":4},"end":{"line":44,"column":null}},"24":{"start":{"line":45,"column":4},"end":{"line":45,"column":null}},"25":{"start":{"line":46,"column":4},"end":{"line":49,"column":null}},"26":{"start":{"line":47,"column":6},"end":{"line":47,"column":null}},"27":{"start":{"line":47,"column":36},"end":{"line":47,"column":null}},"28":{"start":{"line":48,"column":6},"end":{"line":48,"column":null}},"29":{"start":{"line":52,"column":8},"end":{"line":55,"column":null}},"30":{"start":{"line":53,"column":10},"end":{"line":53,"column":null}},"31":{"start":{"line":54,"column":4},"end":{"line":54,"column":null}},"32":{"start":{"line":54,"column":29},"end":{"line":54,"column":80}},"33":{"start":{"line":57,"column":2},"end":{"line":57,"column":null}}},"fnMap":{"0":{"name":"useSpeechVoices","decl":{"start":{"line":9,"column":16},"end":{"line":9,"column":32}},"loc":{"start":{"line":9,"column":67},"end":{"line":58,"column":null}},"line":9},"1":{"name":"(anonymous_1)","decl":{"start":{"line":13,"column":2},"end":{"line":13,"column":18}},"loc":{"start":{"line":13,"column":18},"end":{"line":50,"column":5}},"line":13},"2":{"name":"(anonymous_2)","decl":{"start":{"line":22,"column":10},"end":{"line":22,"column":29}},"loc":{"start":{"line":22,"column":29},"end":{"line":36,"column":null}},"line":22},"3":{"name":"(anonymous_3)","decl":{"start":{"line":38,"column":10},"end":{"line":38,"column":34}},"loc":{"start":{"line":38,"column":
[...]
,"/Users/ajitbasnet/Desktop/quizforce/src/utils/syncVoiceForLanguage.ts": {"path":"/Users/ajitbasnet/Desktop/quizforce/src/utils/syncVoiceForLanguage.ts","statementMap":{"0":{"start":{"line":6,"column":2},"end":{"line":6,"column":null}},"1":{"start":{"line":6,"column":64},"end":{"line":6,"column":null}},"2":{"start":{"line":8,"column":2},"end":{"line":8,"column":null}},"3":{"start":{"line":9,"column":17},"end":{"line":9,"column":null}},"4":{"start":{"line":10,"column":8},"end":{"line":10,"column":null}},"5":{"start":{"line":11,"column":2},"end":{"line":11,"column":null}}},"fnMap":{"0":{"name":"syncVoiceForLanguage","decl":{"start":{"line":5,"column":16},"end":{"line":5,"column":37}},"loc":{"start":{"line":5,"column":68},"end":{"line":12,"column":null}},"line":5}},"branchMap":{"0":{"loc":{"start":{"line":6,"column":2},"end":{"line":6,"column":null}},"type":"if","locations":[{"start":{"line":6,"column":2},"end":{"line":6,"column":null}},{"start":{},"end":{}}],"line":6},"1":{"loc":{"start":{"line":6,"column":6},"end":{"line":6,"column":64}},"type":"binary-expr","locations":[{"start":{"line":6,"column":6},"end":{"line":6,"column":39}},{"start":{"line":6,"column":39},"end":{"line":6,"column":64}}],"line":6}},"s":{"0":2,"1":1,"2":1,"3":1,"4":1,"5":1},"f":{"0":2},"b":{"0":[1,1],"1":[2,2]},"meta":{"lastBranch":2,"lastFunction":1,"lastStatement":6,"seen":{"f:5:16:5:37":0,"b:6:2:6:Infinity:undefined:undefined:undefined:undefined":0,"s:6:2:6:Infinity":0,"b:6:6:6:39:6:39:6:64":1,"s:6:64:6:Infinity":1,"s:8:2:8:Infinity":2,"s:9:17:9:Infinity":3,"s:10:8:10:Infinity":4,"s:11:2:11:Infinity":5},"fnNames":{}}}
,"/Users/ajitbasnet/Desktop/quizforce/src/utils/tagColors.ts": {"path":"/Users/ajitbasnet/Desktop/quizforce/src/utils/tagColors.ts","statementMap":{"0":{"start":{"line":1,"column":26},"end":{"line":10,"column":null}},"1":{"start":{"line":13,"column":13},"end":{"line":13,"column":null}},"2":{"start":{"line":14,"column":2},"end":{"line":16,"column":null}},"3":{"start":{"line":14,"column":15},"end":{"line":14,"column":18}},"4":{"start":{"line":15,"column":4},"end":{"line":15,"column":null}},"5":{"start":{"line":17,"column":2},"end":{"line":17,"column":null}}},"fnMap":{"0":{"name":"getTagColorClass","decl":{"start":{"line":12,"column":16},"end":{"line":12,"column":33}},"loc":{"start":{"line":12,"column":54},"end":{"line":18,"column":null}},"line":12}},"branchMap":{},"s":{"0":1,"1":3,"2":3,"3":3,"4":21,"5":3},"f":{"0":3},"b":{},"meta":{"lastBranch":0,"lastFunction":1,"lastStatement":6,"seen":{"s:1:26:10:Infinity":0,"f:12:16:12:33":0,"s:13:13:13:Infinity":1,"s:14:2:16:Infinity":2,"s:14:15:14:18":3,"s:15:4:15:Infinity":4,"s:17:2:17:Infinity":5},"fnNames":{}}}
,"/Users/ajitbasnet/Desktop/quizforce/src/utils/translateQuizSchema.ts": {"path":"/Users/ajitbasnet/Desktop/quizforce/src/utils/translateQuizSchema.ts","statementMap":{"0":{"start":{"line":9,"column":4},"end":{"line":9,"column":null}},"1":{"start":{"line":10,"column":4},"end":{"line":10,"column":null}},"2":{"start":{"line":15,"column":18},"end":{"line":15,"column":null}},"3":{"start":{"line":16,"column":21},"end":{"line":16,"column":null}},"4":{"start":{"line":17,"column":2},"end":{"line":17,"column":null}},"5":{"start":{"line":24,"column":2},"end":{"line":28,"column":null}},"6":{"start":{"line":25,"column":4},"end":{"line":27,"column":null}},"7":{"start":{"line":30,"column":2},"end":{"line":59,"column":null}},"8":{"start":{"line":30,"column":15},"end":{"line":30,"column":18}},"9":{"start":{"line":31,"column":18},"end":{"line":31,"column":null}},"10":{"start":{"line":32,"column":19},"end":{"line":32,"column":null}},"11":{"start":{"line":34,"column":4},"end":{"line":38,"column":null}},"12":{"start":{"line":35,"column":6},"end":{"line":37,"column":null}},"13":{"start":{"line":40,"column":4},"end":{"line":44,"column":null}},"14":{"start":{"line":41,"column":6},"end":{"line":43,"column":null}},"15":{"start":{"line":46,"column":4},"end":{"line":50,"column":null}},"16":{"start":{"line":47,"column":6},"end":{"line":49,"column":null}},"17":{"start":{"line":52,"column":4},"end":{"line":58,"column":null}},"18":{"start":{"line":52,"column":17},"end":{"line":52,"column":20}},"19":{"start":{"line":53,"column":6},"end":{"line":57,"column":null}},"20":{"start":{"line":54,"column":8},"end":{"line":56,"column":null}},"21":{"start":{"line":67,"column":2},"end":{"line":67,"column":null}},"22":{"start":{"line":69,"column":20},"end":{"line":82,"column":null}},"23":{"start":{"line":70,"column":19},"end":{"line":70,"column":null}},"24":{"start":{"line":71,"column":4},"end":{"line":81,"column":null}},"25":{"start":{"line":74,"column":46},"end":{"line":77,"column":8}},"26":{"start":{"line":84,"column":2},"end":{"line":91,"column":null}},"27":{"start":{"line":99,"column":19},"end":{"line":99,"column":null}},"28":{"start":{"line":100,"column":14},"end":{"line":100,"column":null}},"29":{"start":{"line":101,"column":20},"end":{"line":101,"column":null}},"30":{"start":{"line":102,"column":2},"end":{"line":102,"column":null}}},"fnMap":{"0":{"name":"constructor","decl":{"start":{"line":8,"column":2},"end":{"line":8,"column":14}},"loc":{"start":{"line":8,"column":31},"end":{"line":11,"column":null}},"line":8},"1":{"name":"stripMarkdownFences","decl":{"start":{"line":14,"column":9},"end":{"line":14,"column":29}},"loc":{"start":{"line":14,"column":51},"end":{"line":18,"column":null}},"line":14},"2":{"name":"assertStructuralMatch","decl":{"start":{"line":20,"column":9},"end":{"line":20,"column":null}},"loc":{"start":{"line":23,"column":8},"end":{"line":60,"column":null}},"line":23},"3":{"name":"mergeTranslatedQuiz","decl":{"start":{"line":62,"column":16},"end":{"line":62,"column":null}},"loc":{"start":{"line":66,"column":8},"end":{"line":92,"column":null}},"line":66},"4":{"name":"(anonymous_4)","decl":{"start":{"line":69,"column":39},"end":{"line":69,"column":44}},"loc":{"start":{"line":69,"column":57},"end":{"line":82,"column":3}},"line":69},"5":{"name":"(anonymous_5)","decl":{"start":{"line":74,"column":29},"end":{"line":74,"column":34}},"loc":{"start":{"line":74,"column":46},"end":{"line":77,"column":8}},"line":74},"6":{"name":"parseAndMergeTranslatedQuiz","decl":{"start":{"line":94,"column":16},"end":{"line":94,"column":null}},"loc":{"start":{"line":98,"column":8},"end":{"line":103,"column":null}},"line":98}},"branchMap":{"0":{"loc":{"start":{"line":17,"column":9},"end":{"line":17,"column":null}},"type":"cond-expr","locations":[{"start":{"line":17,"column":22},"end":{"line":17,"column":45}},{"start":{"line":17,"column":45},"end":{"line":17,"column":null}}],"line":17},"1":{"loc":{"start":{"line":24,"column":2},"end":{"line":28,"column":null}},"type":"if","locations":[{"start":{"line":24,"column":2},"end":{"line":28,"column":null}},{"start":{},"end":{}}],"line":24},"2":{"loc":{"start":{"line":34,"column":4},"end":{"line":38,"column":null}},"type":"if","locations":[{"start":{"line":34,"column":4},"end":{"line":38,"column":null}},{"start":{},"end":{}}],"line":34},"3":{"loc":{"start":{"line":40,"column":4},"end":{"line":44,"column":null}},"type":"if","locations":[{"start":{"line":40,"column":4},"end":{"line":44,"column":null}},{"start":{},"end":{}}],"line":40},"4":{"loc":{"start":{"line":46,"column":4},"end":{"line":50,"column":null}},"type":"if","locations":[{"start":{"line":46,"column":4},"end":{"line":50,"column":null}},{"start":{},"end":{}}],"line":46},"5":{"loc":{"start":{"line":53,"column":6},"end":{"line":57,"column":null}},"type":"if","locations":[{"start":{"line":53,"column":6},"end":{"line":57,"column":null}},{"start":{},"end":{}}],"line":53},"6":{"loc":{"start":{"line":80,"column":13},"end":{"line":80,"column":null}},"type":"binary-expr","locations":[{"start":{"line":80,"column":13},"end":{"line":80,"column":29}},{"start":{"line":80,"column":29},"end":{"line":80,"column":null}}],"line":80}},"s":{"0":2,"1":2,"2":0,"3":0,"4":0,"5":3,"6":0,"7":3,"8":3,"9":5,"10":5,"11":5,"12":1,"13":4,"14":1,"15":3,"16":0,"17":3,"18":3,"19":6,"20":0,"21":3,"22":3,"23":3,"24":3,"25":6,"26":3,"27":0,"28":0,"29":0,"30":0},"f":{"0":2,"1":0,"2":3,"3":3,"4":3,"5":6,"6":0},"b":{"0":[0,0],"1":[0,3],"2":[1,4],"3":[1,3],"4":[0,3],"5":[0,6],"6":[3,3]},"meta":{"lastBranch":7,"lastFunction":7,"lastStatement":31,"seen":{"f:8:2:8:14":0,"s:9:4:9:Infinity":0,"s:10:4:10:Infinity":1,"f:14:9:14:29":1,"s:15:18:15:Infinity":2,"s:16:21:16:Infinity":3,"s:17:2:17:Infinity":4,"b:17:22:17:45:17:45:17:Infinity":0,"f:20:9:20:Infinity":2,"b:24:2:28:Infinity:undefined:undefined:undefined:undefined":1,"s:24:2:28:Infinity":5,"s:25:4:27:Infinity":6,"s:30:2:59:Infinity":7,"s:30:15:30:18":8,"s:31:18:31:Infinity":9,"s:32:19:32:Infinity":10,"b:34:4:38:Infinity:undefined:undefined:undefined:undefined":2,"s:34:4:38:Infinity":11,"s:35:6:37:Infinity":12,"b:40:4:44:Infinity:undefined:undefined:undefined:undefined":3,"s:40:4:44:Infinity":13,"s:41:6:43:Infinity":14,"b:46:4:50:Infinity:undefined:undefined:undefined:undefined":4,"s:46:4:50:Infinity":15,"s:47:6:49:Infinity":16,"s:52:4:58:Infinity":17,"s:52:17:52:20":18,"b:53:6:57:Infinity:undefined:undefined:undefined:undefined":5,"s:53:6:57:Infinity":19,"s:54:8:56:Infinity":20,"f:62:16:62:Infinity":3,"s:67:2:67:Infinity":21,"s:69:20:82:Infinity":22,"f:69:39:69:44":4,"s:70:19:70:Infinity":23,"s:71:4:81:Infinity":24,"f:74:29:74:34":5,"s:74:46:77:8":25,"b:80:13:80:29:80:29:80:Infinity":6,"s:84:2:91:Infinity":26,"f:94:16:94:Infinity":6,"s:99:19:99:Infinity":27,"s:100:14:100:Infinity":28,"s:101:20:101:Infinity":29,"s:102:2:102:Infinity":30},"fnNames":{}}}
,"/Users/ajitbasnet/Desktop/quizforce/src/utils/validators.ts": {"path":"/Users/ajitbasnet/Desktop/quizforce/src/utils/validators.ts","statementMap":{"0":{"start":{"line":5,"column":36},"end":{"line":5,"column":null}},"1":{"start":{"line":6,"column":37},"end":{"line":6,"column":null}},"2":{"start":{"line":7,"column":29},"end":{"line":7,"column":null}},"3":{"start":{"line":9,"column":28},"end":{"line":17,"column":null}},"4":{"start":{"line":19,"column":25},"end":{"line":25,"column":null}},"5":{"start":{"line":27,"column":26},"end":{"line":27,"column":null}},"6":{"start":{"line":29,"column":25},"end":{"line":29,"column":null}},"7":{"start":{"line":31,"column":31},"end":{"line":35,"column":null}},"8":{"start":{"line":37,"column":25},"end":{"line":40,"column":null}},"9":{"start":{"line":42,"column":28},"end":{"line":64,"column":null}},"10":{"start":{"line":57,"column":4},"end":{"line":63,"column":null}},"11":{"start":{"line":58,"column":6},"end":{"line":62,"column":null}},"12":{"start":{"line":66,"column":33},"end":{"line":66,"column":null}},"13":{"start":{"line":68,"column":30},"end":{"line":93,"column":null}},"14":{"start":{"line":101,"column":2},"end":{"line":101,"column":null}},"15":{"start":{"line":101,"column":16},"end":{"line":101,"column":null}},"16":{"start":{"line":102,"column":2},"end":{"line":104,"column":null}},"17":{"start":{"line":103,"column":4},"end":{"line":103,"column":null}},"18":{"start":{"line":105,"column":2},"end":{"line":105,"column":null}},"19":{"start":{"line":109,"column":2},"end":{"line":109,"column":null}}},"fnMap":{"0":{"name":"(anonymous_0)","decl":{"start":{"line":56,"column":3},"end":{"line":56,"column":16}},"loc":{"start":{"line":56,"column":30},"end":{"line":64,"column":3}},"line":56},"1":{"name":"translateValidationMessage","decl":{"start":{"line":97,"column":16},"end":{"line":97,"column":null}},"loc":{"start":{"line":100,"column":22},"end":{"line":106,"column":null}},"line":100},"2":{"name":"validateQuizInput","decl":{"start":{"line":108,"column":16},"end":{"line":108,"column":34}},"loc":{"start":{"line":108,"column":60},"end":{"line":110,"column":null}},"line":108}},"branchMap":{"0":{"loc":{"start":{"line":57,"column":4},"end":{"line":63,"column":null}},"type":"if","locations":[{"start":{"line":57,"column":4},"end":{"line":63,"column":null}},{"start":{},"end":{}}],"line":57},"1":{"loc":{"start":{"line":57,"column":8},"end":{"line":57,"column":67}},"type":"binary-expr","locations":[{"start":{"line":57,"column":8},"end":{"line":57,"column":38}},{"start":{"line":57,"column":38},"end":{"line":57,"column":67}}],"line":57},"2":{"loc":{"start":{"line":101,"column":2},"end":{"line":101,"column":null}},"type":"if","locations":[{"start":{"line":101,"column":2},"end":{"line":101,"column":null}},{"start":{},"end":{}}],"line":101},"3":{"loc":{"start":{"line":102,"column":2},"end":{"line":104,"column":null}},"type":"if","locations":[{"start":{"line":102,"column":2},"end":{"line":104,"column":null}},{"start":{},"end":{}}],"line":102}},"s":{"0":1,"1":1,"2":1,"3":1,"4":1,"5":1,"6":1,"7":1,"8":1,"9":1,"10":3,"11":1,"12":1,"13":1,"14":3,"15":1,"16":2,"17":1,"18":1,"19":1},"f":{"0":3,"1":3,"2":1},"b":{"0":[1,2],"1":[3,1],"2":[1,2],"3":[1,1]},"meta":{"lastBranch":4,"lastFunction":3,"lastStatement":20,"seen":{"s:5:36:5:Infinity":0,"s:6:37:6:Infinity":1,"s:7:29:7:Infinity":2,"s:9:28:17:Infinity":3,"s:19:25:25:Infinity":4,"s:27:26:27:Infinity":5,"s:29:25:29:Infinity":6,"s:31:31:35:Infinity":7,"s:37:25:40:Infinity":8,"s:42:28:64:Infinity":9,"f:56:3:56:16":0,"b:57:4:63:Infinity:undefined:undefined:undefined:undefined":0,"s:57:4:63:Infinity":10,"b:57:8:57:38:57:38:57:67":1,"s:58:6:62:Infinity":11,"s:66:33:66:Infinity":12,"s:68:30:93:Infinity":13,"f:97:16:97:Infinity":1,"b:101:2:101:Infinity:undefined:undefined:undefined:undefined":2,"s:101:2:101:Infinity":14,"s:101:16:101:Infinity":15,"b:102:2:104:Infinity:undefined:undefined:undefined:undefined":3,"s:102:2:104:Infinity":16,"s:103:4:103:Infinity":17,"s:105:2:105:Infinity":18,"f:108:16:108:34":2,"s:109:2:109:Infinity":19},"fnNames":{}}}
,"/Users/ajitbasnet/Desktop/quizforce/src/utils/voiceLang.ts": {"path":"/Users/ajitbasnet/Desktop/quizforce/src/utils/voiceLang.ts","statementMap":{"0":{"start":{"line":4,"column":59},"end":{"line":12,"column":null}},"1":{"start":{"line":15,"column":23},"end":{"line":15,"column":null}},"2":{"start":{"line":16,"column":2},"end":{"line":21,"column":null}},"3":{"start":{"line":17,"column":4},"end":{"line":19,"column":null}},"4":{"start":{"line":18,"column":6},"end":{"line":18,"column":null}},"5":{"start":{"line":20,"column":4},"end":{"line":20,"column":null}},"6":{"start":{"line":22,"column":2},"end":{"line":22,"column":null}},"7":{"start":{"line":26,"column":26},"end":{"line":26,"column":null}},"8":{"start":{"line":27,"column":27},"end":{"line":27,"column":null}},"9":{"start":{"line":28,"column":22},"end":{"line":28,"column":null}},"10":{"start":{"line":29,"column":23},"end":{"line":29,"column":null}},"11":{"start":{"line":30,"column":2},"end":{"line":30,"column":null}},"12":{"start":{"line":37,"column":2},"end":{"line":37,"column":null}},"13":{"start":{"line":37,"column":27},"end":{"line":37,"column":null}},"14":{"start":{"line":39,"column":23},"end":{"line":39,"column":null}},"15":{"start":{"line":41,"column":21},"end":{"line":43,"column":null}},"16":{"start":{"line":42,"column":15},"end":{"line":42,"column":null}},"17":{"start":{"line":44,"column":2},"end":{"line":44,"column":null}},"18":{"start":{"line":44,"column":18},"end":{"line":44,"column":null}},"19":{"start":{"line":46,"column":22},"end":{"line":48,"column":null}},"20":{"start":{"line":47,"column":4},"end":{"line":47,"column":null}},"21":{"start":{"line":49,"column":2},"end":{"line":49,"column":null}},"22":{"start":{"line":49,"column":19},"end":{"line":49,"column":null}},"23":{"start":{"line":51,"column":2},"end":{"line":51,"column":null}}},"fnMap":{"0":{"name":"resolveLang","decl":{"start":{"line":14,"column":16},"end":{"line":14,"column":28}},"loc":{"start":{"line":14,"column":51},"end":{"line":23,"column":null}},"line":14},"1":{"name":"matchesLangPrefix","decl":{"start":{"line":25,"column":16},"end":{"line":25,"column":34}},"loc":{"start":{"line":25,"column":82},"end":{"line":31,"column":null}},"line":25},"2":{"name":"pickDefaultVoiceURI","decl":{"start":{"line":33,"column":16},"end":{"line":33,"column":null}},"loc":{"start":{"line":36,"column":17},"end":{"line":52,"column":null}},"line":36},"3":{"name":"(anonymous_3)","decl":{"start":{"line":41,"column":28},"end":{"line":41,"column":null}},"loc":{"start":{"line":42,"column":15},"end":{"line":42,"column":null}},"line":42},"4":{"name":"(anonymous_4)","decl":{"start":{"line":46,"column":29},"end":{"line":46,"column":35}},"loc":{"start":{"line":47,"column":4},"end":{"line":47,"column":null}},"line":47}},"branchMap":{"0":{"loc":{"start":{"line":16,"column":2},"end":{"line":21,"column":null}},"type":"if","locations":[{"start":{"line":16,"column":2},"end":{"line":21,"column":null}},{"start":{},"end":{}}],"line":16},"1":{"loc":{"start":{"line":17,"column":4},"end":{"line":19,"column":null}},"type":"if","locations":[{"start":{"line":17,"column":4},"end":{"line":19,"column":null}},{"start":{},"end":{}}],"line":17},"2":{"loc":{"start":{"line":22,"column":9},"end":{"line":22,"column":null}},"type":"binary-expr","locations":[{"start":{"line":22,"column":9},"end":{"line":22,"column":31}},{"start":{"line":22,"column":31},"end":{"line":22,"column":null}}],"line":22},"3":{"loc":{"start":{"line":37,"column":2},"end":{"line":37,"column":null}},"type":"if","locations":[{"start":{"line":37,"column":2},"end":{"line":37,"column":null}},{"start":{},"end":{}}],"line":37},"4":{"loc":{"start":{"line":44,"column":2},"end":{"line":44,"column":null}},"type":"if","locations":[{"start":{"line":44,"column":2},"end":{"line":44,"column":null}},{"start":{},"end":{}}],"line":44},"5":{"loc":{"start":{"line":49,"column":2},"end":{"line":49,"column":null}},"type":"if","locations":[{"start":{"line":49,"column":2},"end":{"line":49,"column":null}},{"start":{},"end":{}}],"line":49}},"s":{"0":5,"1":15,"2":15,"3":6,"4":5,"5":1,"6":9,"7":9,"8":9,"9":9,"10":9,"11":9,"12":15,"13":9,"14":6,"15":6,"16":11,"17":6,"18":3,"19":3,"20":4,"21":3,"22":2,"23":1},"f":{"0":15,"1":9,"2":15,"3":11,"4":4},"b":{"0":[6,9],"1":[5,1],"2":[9,0],"3":[9,6],"4":[3,3],"5":[2,1]},"meta":{"lastBranch":6,"lastFunction":5,"lastStatement":24,"seen":{"s:4:59:12:Infinity":0,"f:14:16:14:28":0,"s:15:23:15:Infinity":1,"b:16:2:21:Infinity:undefined:undefined:undefined:undefined":0,"s:16:2:21:Infinity":2,"b:17:4:19:Infinity:undefined:undefined:undefined:undefined":1,"s:17:4:19:Infinity":3,"s:18:6:18:Infinity":4,"s:20:4:20:Infinity":5,"s:22:2:22:Infinity":6,"b:22:9:22:31:22:31:22:Infinity":2,"f:25:16:25:34":1,"s:26:26:26:Infinity":7,"s:27:27:27:Infinity":8,"s:28:22:28:Infinity":9,"s:29:23:29:Infinity":10,"s:30:2:30:Infinity":11,"f:33:16:33:Infinity":2,"b:37:2:37:Infinity:undefined:undefined:undefined:undefined":3,"s:37:2:37:Infinity":12,"s:37:27:37:Infinity":13,"s:39:23:39:Infinity":14,"s:41:21:43:Infinity":15,"f:41:28:41:Infinity":3,"s:42:15:42:Infinity":16,"b:44:2:44:Infinity:undefined:undefined:undefined:undefined":4,"s:44:2:44:Infinity":17,"s:44:18:44:Infinity":18,"s:46:22:48:Infinity":19,"f:46:29:46:35":4,"s:47:4:47:Infinity":20,"b:49:2:49:Infinity:undefined:undefined:undefined:undefined":5,"s:49:2:49:Infinity":21,"s:49:19:49:Infinity":22,"s:51:2:51:Infinity":23},"fnNames":{}}}
}
